[0.008s] Invoking command in '/home/lyu/new_ros2_ws/build/ros2_demo_project': CMAKE_PREFIX_PATH=${CMAKE_PREFIX_PATH}:/opt/ros/humble /usr/bin/cmake /home/lyu/new_ros2_ws/src/ros2_demo_project -DCMAKE_INSTALL_PREFIX=/home/lyu/new_ros2_ws/install/ros2_demo_project
[0.051s] -- The C compiler identification is GNU 11.4.0
[0.092s] -- The CXX compiler identification is GNU 11.4.0
[0.097s] -- Detecting C compiler ABI info
[0.154s] -- Detecting C compiler ABI info - done
[0.159s] -- Check for working C compiler: /usr/bin/cc - skipped
[0.159s] -- Detecting C compile features
[0.159s] -- Detecting C compile features - done
[0.161s] -- Detecting CXX compiler ABI info
[0.221s] -- Detecting CXX compiler ABI info - done
[0.225s] -- Check for working CXX compiler: /usr/bin/c++ - skipped
[0.226s] -- Detecting CXX compile features
[0.226s] -- Detecting CXX compile features - done
[0.227s] -- Found ament_cmake: 1.3.9 (/opt/ros/humble/share/ament_cmake/cmake)
[0.320s] -- Found Python3: /usr/bin/python3 (found version "3.10.12") found components: Interpreter 
[0.376s] -- Found rclcpp: 16.0.9 (/opt/ros/humble/share/rclcpp/cmake)
[0.401s] -- Found rosidl_generator_c: 3.1.5 (/opt/ros/humble/share/rosidl_generator_c/cmake)
[0.404s] -- Found rosidl_adapter: 3.1.5 (/opt/ros/humble/share/rosidl_adapter/cmake)
[0.409s] -- Found rosidl_generator_cpp: 3.1.5 (/opt/ros/humble/share/rosidl_generator_cpp/cmake)
[0.418s] -- Using all available rosidl_typesupport_c: rosidl_typesupport_fastrtps_c;rosidl_typesupport_introspection_c
[0.429s] -- Using all available rosidl_typesupport_cpp: rosidl_typesupport_fastrtps_cpp;rosidl_typesupport_introspection_cpp
[0.473s] -- Found rmw_implementation_cmake: 6.1.2 (/opt/ros/humble/share/rmw_implementation_cmake/cmake)
[0.475s] -- Found rmw_fastrtps_cpp: 6.2.6 (/opt/ros/humble/share/rmw_fastrtps_cpp/cmake)
[0.545s] -- Found OpenSSL: /usr/lib/x86_64-linux-gnu/libcrypto.so (found version "3.0.2")  
[0.564s] -- Found FastRTPS: /opt/ros/humble/include  
[0.594s] -- Using RMW implementation 'rmw_fastrtps_cpp' as default
[0.600s] -- Looking for pthread.h
[0.658s] -- Looking for pthread.h - found
[0.658s] -- Performing Test CMAKE_HAVE_LIBC_PTHREAD
[0.713s] -- Performing Test CMAKE_HAVE_LIBC_PTHREAD - Success
[0.714s] -- Found Threads: TRUE  
[0.814s] -- Found sensor_msgs: 4.2.4 (/opt/ros/humble/share/sensor_msgs/cmake)
[0.905s] -- Found tf2_ros: 0.25.8 (/opt/ros/humble/share/tf2_ros/cmake)
[1.166s] -- Found ament_lint_auto: 0.12.11 (/opt/ros/humble/share/ament_lint_auto/cmake)
[1.216s] -- Added test 'copyright' to check source files copyright and LICENSE
[1.217s] -- Added test 'cppcheck' to perform static code analysis on C / C++ code
[1.217s] -- Configured cppcheck include dirs: 
[1.217s] -- Configured cppcheck exclude dirs and/or files: 
[1.218s] -- Added test 'flake8' to check Python code syntax and style conventions
[1.218s] -- Added test 'lint_cmake' to check CMake code style
[1.218s] -- Added test 'pep257' to check Python code against some of the docstring style conventions in PEP 257
[1.220s] -- Added test 'uncrustify' to check C / C++ code style
[1.220s] -- Configured uncrustify additional arguments: 
[1.220s] -- Added test 'xmllint' to check XML markup files
[1.221s] -- Configuring done
[1.235s] -- Generating done
[1.236s] -- Build files have been written to: /home/lyu/new_ros2_ws/build/ros2_demo_project
[1.246s] Invoked command in '/home/lyu/new_ros2_ws/build/ros2_demo_project' returned '0': CMAKE_PREFIX_PATH=${CMAKE_PREFIX_PATH}:/opt/ros/humble /usr/bin/cmake /home/lyu/new_ros2_ws/src/ros2_demo_project -DCMAKE_INSTALL_PREFIX=/home/lyu/new_ros2_ws/install/ros2_demo_project
[1.246s] Invoking command in '/home/lyu/new_ros2_ws/build/ros2_demo_project': CMAKE_PREFIX_PATH=${CMAKE_PREFIX_PATH}:/opt/ros/humble /usr/bin/cmake --build /home/lyu/new_ros2_ws/build/ros2_demo_project -- -j4 -l4
[1.290s] [ 25%] [32mBuilding CXX object CMakeFiles/mmwave_radar_node.dir/src/mmwave_radar_node.cpp.o[0m
[1.290s] [ 25%] [32mBuilding CXX object CMakeFiles/thingy52_node.dir/src/thingy52_node.cpp.o[0m
[1.290s] [ 37%] [32mBuilding CXX object CMakeFiles/kinect_node.dir/src/kinect_node.cpp.o[0m
[1.290s] [ 50%] [32mBuilding CXX object CMakeFiles/static_map_node.dir/src/static_map_node.cpp.o[0m
[3.974s] [ 62%] [32m[1mLinking CXX executable static_map_node[0m
[4.178s] [ 62%] Built target static_map_node
[4.224s] [ 75%] [32m[1mLinking CXX executable thingy52_node[0m
[4.229s] [ 87%] [32m[1mLinking CXX executable kinect_node[0m
[4.271s] [100%] [32m[1mLinking CXX executable mmwave_radar_node[0m
[4.355s] [100%] Built target thingy52_node
[4.371s] [100%] Built target kinect_node
[4.406s] [100%] Built target mmwave_radar_node
[4.415s] Invoked command in '/home/lyu/new_ros2_ws/build/ros2_demo_project' returned '0': CMAKE_PREFIX_PATH=${CMAKE_PREFIX_PATH}:/opt/ros/humble /usr/bin/cmake --build /home/lyu/new_ros2_ws/build/ros2_demo_project -- -j4 -l4
[4.455s] Invoking command in '/home/lyu/new_ros2_ws/build/ros2_demo_project': CMAKE_PREFIX_PATH=${CMAKE_PREFIX_PATH}:/opt/ros/humble /usr/bin/cmake --install /home/lyu/new_ros2_ws/build/ros2_demo_project
[4.462s] -- Install configuration: ""
[4.463s] -- Installing: /home/lyu/new_ros2_ws/install/ros2_demo_project/lib/ros2_demo_project/thingy52_node
[4.464s] -- Set runtime path of "/home/lyu/new_ros2_ws/install/ros2_demo_project/lib/ros2_demo_project/thingy52_node" to ""
[4.464s] -- Installing: /home/lyu/new_ros2_ws/install/ros2_demo_project/lib/ros2_demo_project/mmwave_radar_node
[4.465s] -- Set runtime path of "/home/lyu/new_ros2_ws/install/ros2_demo_project/lib/ros2_demo_project/mmwave_radar_node" to ""
[4.465s] -- Installing: /home/lyu/new_ros2_ws/install/ros2_demo_project/lib/ros2_demo_project/kinect_node
[4.467s] -- Set runtime path of "/home/lyu/new_ros2_ws/install/ros2_demo_project/lib/ros2_demo_project/kinect_node" to ""
[4.467s] -- Installing: /home/lyu/new_ros2_ws/install/ros2_demo_project/lib/ros2_demo_project/static_map_node
[4.468s] -- Set runtime path of "/home/lyu/new_ros2_ws/install/ros2_demo_project/lib/ros2_demo_project/static_map_node" to ""
[4.468s] -- Installing: /home/lyu/new_ros2_ws/install/ros2_demo_project/share/ros2_demo_project//launch
[4.468s] -- Installing: /home/lyu/new_ros2_ws/install/ros2_demo_project/share/ros2_demo_project//launch/kinect_launch.py
[4.468s] -- Installing: /home/lyu/new_ros2_ws/install/ros2_demo_project/share/ros2_demo_project//launch/system_demo_launch.py
[4.468s] -- Installing: /home/lyu/new_ros2_ws/install/ros2_demo_project/share/ros2_demo_project//launch/mmwave_radar_launch.py
[4.468s] -- Installing: /home/lyu/new_ros2_ws/install/ros2_demo_project/share/ros2_demo_project//config
[4.468s] -- Installing: /home/lyu/new_ros2_ws/install/ros2_demo_project/share/ros2_demo_project//config/thingy52_params.yaml
[4.468s] -- Installing: /home/lyu/new_ros2_ws/install/ros2_demo_project/share/ros2_demo_project//config/kinect_params.yaml
[4.468s] -- Installing: /home/lyu/new_ros2_ws/install/ros2_demo_project/share/ros2_demo_project//config/mmwave_radar_params.yaml
[4.469s] -- Installing: /home/lyu/new_ros2_ws/install/ros2_demo_project/share/ament_index/resource_index/package_run_dependencies/ros2_demo_project
[4.469s] -- Installing: /home/lyu/new_ros2_ws/install/ros2_demo_project/share/ament_index/resource_index/parent_prefix_path/ros2_demo_project
[4.469s] -- Installing: /home/lyu/new_ros2_ws/install/ros2_demo_project/share/ros2_demo_project/environment/ament_prefix_path.sh
[4.469s] -- Installing: /home/lyu/new_ros2_ws/install/ros2_demo_project/share/ros2_demo_project/environment/ament_prefix_path.dsv
[4.469s] -- Installing: /home/lyu/new_ros2_ws/install/ros2_demo_project/share/ros2_demo_project/environment/path.sh
[4.469s] -- Installing: /home/lyu/new_ros2_ws/install/ros2_demo_project/share/ros2_demo_project/environment/path.dsv
[4.470s] -- Installing: /home/lyu/new_ros2_ws/install/ros2_demo_project/share/ros2_demo_project/local_setup.bash
[4.470s] -- Installing: /home/lyu/new_ros2_ws/install/ros2_demo_project/share/ros2_demo_project/local_setup.sh
[4.470s] -- Installing: /home/lyu/new_ros2_ws/install/ros2_demo_project/share/ros2_demo_project/local_setup.zsh
[4.470s] -- Installing: /home/lyu/new_ros2_ws/install/ros2_demo_project/share/ros2_demo_project/local_setup.dsv
[4.470s] -- Installing: /home/lyu/new_ros2_ws/install/ros2_demo_project/share/ros2_demo_project/package.dsv
[4.470s] -- Installing: /home/lyu/new_ros2_ws/install/ros2_demo_project/share/ament_index/resource_index/packages/ros2_demo_project
[4.471s] -- Installing: /home/lyu/new_ros2_ws/install/ros2_demo_project/share/ros2_demo_project/cmake/ros2_demo_projectConfig.cmake
[4.471s] -- Installing: /home/lyu/new_ros2_ws/install/ros2_demo_project/share/ros2_demo_project/cmake/ros2_demo_projectConfig-version.cmake
[4.471s] -- Installing: /home/lyu/new_ros2_ws/install/ros2_demo_project/share/ros2_demo_project/package.xml
[4.473s] Invoked command in '/home/lyu/new_ros2_ws/build/ros2_demo_project' returned '0': CMAKE_PREFIX_PATH=${CMAKE_PREFIX_PATH}:/opt/ros/humble /usr/bin/cmake --install /home/lyu/new_ros2_ws/build/ros2_demo_project
