[0.056s] DEBUG:colcon:Command line arguments: ['/usr/bin/colcon', 'build', '--packages-select', 'ros2_demo_project']
[0.056s] DEBUG:colcon:Parsed command line arguments: Namespace(log_base=None, log_level=None, verb_name='build', build_base='build', install_base='install', merge_install=False, symlink_install=False, test_result_base=None, continue_on_error=False, executor='parallel', parallel_workers=4, event_handlers=None, ignore_user_meta=False, metas=['./colcon.meta'], base_paths=['.'], packages_ignore=None, packages_ignore_regex=None, paths=None, packages_up_to=None, packages_up_to_regex=None, packages_above=None, packages_above_and_dependencies=None, packages_above_depth=None, packages_select_by_dep=None, packages_skip_by_dep=None, packages_skip_up_to=None, packages_select_build_failed=False, packages_skip_build_finished=False, packages_select_test_failures=False, packages_skip_test_passed=False, packages_select=['ros2_demo_project'], packages_skip=None, packages_select_regex=None, packages_skip_regex=None, packages_start=None, packages_end=None, allow_overriding=[], cmake_args=None, cmake_target=None, cmake_target_skip_unavailable=False, cmake_clean_cache=False, cmake_clean_first=False, cmake_force_configure=False, ament_cmake_args=None, catkin_cmake_args=None, catkin_skip_building_tests=False, verb_parser=<colcon_defaults.argument_parser.defaults.DefaultArgumentsDecorator object at 0x77590be13640>, verb_extension=<colcon_core.verb.build.BuildVerb object at 0x77590bf58220>, main=<bound method BuildVerb.main of <colcon_core.verb.build.BuildVerb object at 0x77590bf58220>>)
[0.130s] Level 1:colcon.colcon_core.package_discovery:discover_packages(colcon_meta) check parameters
[0.130s] Level 1:colcon.colcon_core.package_discovery:discover_packages(recursive) check parameters
[0.130s] Level 1:colcon.colcon_core.package_discovery:discover_packages(ignore) check parameters
[0.130s] Level 1:colcon.colcon_core.package_discovery:discover_packages(path) check parameters
[0.130s] Level 1:colcon.colcon_core.package_discovery:discover_packages(colcon_meta) discover
[0.130s] Level 1:colcon.colcon_core.package_discovery:discover_packages(recursive) discover
[0.130s] INFO:colcon.colcon_core.package_discovery:Crawling recursively for packages in '/home/lyu/new_ros2_ws'
[0.130s] Level 1:colcon.colcon_core.package_identification:_identify(.) by extensions ['ignore', 'ignore_ament_install']
[0.130s] Level 1:colcon.colcon_core.package_identification:_identify(.) by extension 'ignore'
[0.130s] Level 1:colcon.colcon_core.package_identification:_identify(.) by extension 'ignore_ament_install'
[0.130s] Level 1:colcon.colcon_core.package_identification:_identify(.) by extensions ['colcon_pkg']
[0.130s] Level 1:colcon.colcon_core.package_identification:_identify(.) by extension 'colcon_pkg'
[0.130s] Level 1:colcon.colcon_core.package_identification:_identify(.) by extensions ['colcon_meta']
[0.130s] Level 1:colcon.colcon_core.package_identification:_identify(.) by extension 'colcon_meta'
[0.130s] Level 1:colcon.colcon_core.package_identification:_identify(.) by extensions ['ros']
[0.130s] Level 1:colcon.colcon_core.package_identification:_identify(.) by extension 'ros'
[0.136s] Level 1:colcon.colcon_core.package_identification:_identify(.) by extensions ['cmake', 'python']
[0.136s] Level 1:colcon.colcon_core.package_identification:_identify(.) by extension 'cmake'
[0.136s] Level 1:colcon.colcon_core.package_identification:_identify(.) by extension 'python'
[0.136s] Level 1:colcon.colcon_core.package_identification:_identify(.) by extensions ['python_setup_py']
[0.136s] Level 1:colcon.colcon_core.package_identification:_identify(.) by extension 'python_setup_py'
[0.136s] Level 1:colcon.colcon_core.package_identification:_identify(build) by extensions ['ignore', 'ignore_ament_install']
[0.136s] Level 1:colcon.colcon_core.package_identification:_identify(build) by extension 'ignore'
[0.136s] Level 1:colcon.colcon_core.package_identification:_identify(build) ignored
[0.136s] Level 1:colcon.colcon_core.package_identification:_identify(install) by extensions ['ignore', 'ignore_ament_install']
[0.136s] Level 1:colcon.colcon_core.package_identification:_identify(install) by extension 'ignore'
[0.136s] Level 1:colcon.colcon_core.package_identification:_identify(install) ignored
[0.136s] Level 1:colcon.colcon_core.package_identification:_identify(log) by extensions ['ignore', 'ignore_ament_install']
[0.136s] Level 1:colcon.colcon_core.package_identification:_identify(log) by extension 'ignore'
[0.136s] Level 1:colcon.colcon_core.package_identification:_identify(log) ignored
[0.136s] Level 1:colcon.colcon_core.package_identification:_identify(src) by extensions ['ignore', 'ignore_ament_install']
[0.137s] Level 1:colcon.colcon_core.package_identification:_identify(src) by extension 'ignore'
[0.137s] Level 1:colcon.colcon_core.package_identification:_identify(src) by extension 'ignore_ament_install'
[0.137s] Level 1:colcon.colcon_core.package_identification:_identify(src) by extensions ['colcon_pkg']
[0.137s] Level 1:colcon.colcon_core.package_identification:_identify(src) by extension 'colcon_pkg'
[0.137s] Level 1:colcon.colcon_core.package_identification:_identify(src) by extensions ['colcon_meta']
[0.137s] Level 1:colcon.colcon_core.package_identification:_identify(src) by extension 'colcon_meta'
[0.137s] Level 1:colcon.colcon_core.package_identification:_identify(src) by extensions ['ros']
[0.137s] Level 1:colcon.colcon_core.package_identification:_identify(src) by extension 'ros'
[0.137s] Level 1:colcon.colcon_core.package_identification:_identify(src) by extensions ['cmake', 'python']
[0.137s] Level 1:colcon.colcon_core.package_identification:_identify(src) by extension 'cmake'
[0.137s] Level 1:colcon.colcon_core.package_identification:_identify(src) by extension 'python'
[0.137s] Level 1:colcon.colcon_core.package_identification:_identify(src) by extensions ['python_setup_py']
[0.137s] Level 1:colcon.colcon_core.package_identification:_identify(src) by extension 'python_setup_py'
[0.137s] Level 1:colcon.colcon_core.package_identification:_identify(src/build) by extensions ['ignore', 'ignore_ament_install']
[0.137s] Level 1:colcon.colcon_core.package_identification:_identify(src/build) by extension 'ignore'
[0.137s] Level 1:colcon.colcon_core.package_identification:_identify(src/build) ignored
[0.137s] Level 1:colcon.colcon_core.package_identification:_identify(src/install) by extensions ['ignore', 'ignore_ament_install']
[0.137s] Level 1:colcon.colcon_core.package_identification:_identify(src/install) by extension 'ignore'
[0.137s] Level 1:colcon.colcon_core.package_identification:_identify(src/install) ignored
[0.137s] Level 1:colcon.colcon_core.package_identification:_identify(src/log) by extensions ['ignore', 'ignore_ament_install']
[0.137s] Level 1:colcon.colcon_core.package_identification:_identify(src/log) by extension 'ignore'
[0.137s] Level 1:colcon.colcon_core.package_identification:_identify(src/log) ignored
[0.137s] Level 1:colcon.colcon_core.package_identification:_identify(src/ros2_demo_project) by extensions ['ignore', 'ignore_ament_install']
[0.137s] Level 1:colcon.colcon_core.package_identification:_identify(src/ros2_demo_project) by extension 'ignore'
[0.137s] Level 1:colcon.colcon_core.package_identification:_identify(src/ros2_demo_project) by extension 'ignore_ament_install'
[0.137s] Level 1:colcon.colcon_core.package_identification:_identify(src/ros2_demo_project) by extensions ['colcon_pkg']
[0.137s] Level 1:colcon.colcon_core.package_identification:_identify(src/ros2_demo_project) by extension 'colcon_pkg'
[0.137s] Level 1:colcon.colcon_core.package_identification:_identify(src/ros2_demo_project) by extensions ['colcon_meta']
[0.137s] Level 1:colcon.colcon_core.package_identification:_identify(src/ros2_demo_project) by extension 'colcon_meta'
[0.137s] Level 1:colcon.colcon_core.package_identification:_identify(src/ros2_demo_project) by extensions ['ros']
[0.137s] Level 1:colcon.colcon_core.package_identification:_identify(src/ros2_demo_project) by extension 'ros'
[0.138s] DEBUG:colcon.colcon_core.package_identification:Package 'src/ros2_demo_project' with type 'ros.ament_cmake' and name 'ros2_demo_project'
[0.138s] Level 1:colcon.colcon_core.package_discovery:discover_packages(recursive) using defaults
[0.138s] Level 1:colcon.colcon_core.package_discovery:discover_packages(ignore) discover
[0.138s] Level 1:colcon.colcon_core.package_discovery:discover_packages(ignore) using defaults
[0.139s] Level 1:colcon.colcon_core.package_discovery:discover_packages(path) discover
[0.139s] Level 1:colcon.colcon_core.package_discovery:discover_packages(path) using defaults
[0.149s] Level 1:colcon.colcon_core.package_discovery:discover_packages(prefix_path) check parameters
[0.149s] Level 1:colcon.colcon_core.package_discovery:discover_packages(prefix_path) discover
[0.150s] DEBUG:colcon.colcon_installed_package_information.package_discovery:Found 1 installed packages in /home/lyu/new_ros2_ws/install
[0.151s] DEBUG:colcon.colcon_installed_package_information.package_discovery:Found 270 installed packages in /opt/ros/humble
[0.151s] Level 1:colcon.colcon_core.package_discovery:discover_packages(prefix_path) using defaults
[0.176s] Level 5:colcon.colcon_core.verb:set package 'ros2_demo_project' build argument 'cmake_args' from command line to 'None'
[0.176s] Level 5:colcon.colcon_core.verb:set package 'ros2_demo_project' build argument 'cmake_target' from command line to 'None'
[0.176s] Level 5:colcon.colcon_core.verb:set package 'ros2_demo_project' build argument 'cmake_target_skip_unavailable' from command line to 'False'
[0.176s] Level 5:colcon.colcon_core.verb:set package 'ros2_demo_project' build argument 'cmake_clean_cache' from command line to 'False'
[0.176s] Level 5:colcon.colcon_core.verb:set package 'ros2_demo_project' build argument 'cmake_clean_first' from command line to 'False'
[0.176s] Level 5:colcon.colcon_core.verb:set package 'ros2_demo_project' build argument 'cmake_force_configure' from command line to 'False'
[0.176s] Level 5:colcon.colcon_core.verb:set package 'ros2_demo_project' build argument 'ament_cmake_args' from command line to 'None'
[0.176s] Level 5:colcon.colcon_core.verb:set package 'ros2_demo_project' build argument 'catkin_cmake_args' from command line to 'None'
[0.176s] Level 5:colcon.colcon_core.verb:set package 'ros2_demo_project' build argument 'catkin_skip_building_tests' from command line to 'False'
[0.176s] DEBUG:colcon.colcon_core.verb:Building package 'ros2_demo_project' with the following arguments: {'ament_cmake_args': None, 'build_base': '/home/lyu/new_ros2_ws/build/ros2_demo_project', 'catkin_cmake_args': None, 'catkin_skip_building_tests': False, 'cmake_args': None, 'cmake_clean_cache': False, 'cmake_clean_first': False, 'cmake_force_configure': False, 'cmake_target': None, 'cmake_target_skip_unavailable': False, 'install_base': '/home/lyu/new_ros2_ws/install/ros2_demo_project', 'merge_install': False, 'path': '/home/lyu/new_ros2_ws/src/ros2_demo_project', 'symlink_install': False, 'test_result_base': None}
[0.176s] INFO:colcon.colcon_core.executor:Executing jobs using 'parallel' executor
[0.177s] DEBUG:colcon.colcon_parallel_executor.executor.parallel:run_until_complete
[0.177s] INFO:colcon.colcon_ros.task.ament_cmake.build:Building ROS package in '/home/lyu/new_ros2_ws/src/ros2_demo_project' with build type 'ament_cmake'
[0.177s] INFO:colcon.colcon_cmake.task.cmake.build:Building CMake package in '/home/lyu/new_ros2_ws/src/ros2_demo_project'
[0.178s] INFO:colcon.colcon_core.plugin_system:Skipping extension 'colcon_core.shell.bat': Not used on non-Windows systems
[0.178s] INFO:colcon.colcon_core.shell:Skip shell extension 'powershell' for command environment: Not usable outside of PowerShell
[0.178s] DEBUG:colcon.colcon_core.shell:Skip shell extension 'dsv' for command environment
[0.185s] DEBUG:colcon.colcon_core.event_handler.log_command:Invoking command in '/home/lyu/new_ros2_ws/build/ros2_demo_project': CMAKE_PREFIX_PATH=${CMAKE_PREFIX_PATH}:/opt/ros/humble /usr/bin/cmake --build /home/lyu/new_ros2_ws/build/ros2_demo_project -- -j4 -l4
[5.146s] DEBUG:colcon.colcon_core.event_handler.log_command:Invoked command in '/home/lyu/new_ros2_ws/build/ros2_demo_project' returned '0': CMAKE_PREFIX_PATH=${CMAKE_PREFIX_PATH}:/opt/ros/humble /usr/bin/cmake --build /home/lyu/new_ros2_ws/build/ros2_demo_project -- -j4 -l4
[5.185s] DEBUG:colcon.colcon_core.event_handler.log_command:Invoking command in '/home/lyu/new_ros2_ws/build/ros2_demo_project': CMAKE_PREFIX_PATH=${CMAKE_PREFIX_PATH}:/opt/ros/humble /usr/bin/cmake --install /home/lyu/new_ros2_ws/build/ros2_demo_project
[5.196s] Level 1:colcon.colcon_core.environment:create_environment_scripts_only(ros2_demo_project)
[5.196s] DEBUG:colcon.colcon_core.event_handler.log_command:Invoked command in '/home/lyu/new_ros2_ws/build/ros2_demo_project' returned '0': CMAKE_PREFIX_PATH=${CMAKE_PREFIX_PATH}:/opt/ros/humble /usr/bin/cmake --install /home/lyu/new_ros2_ws/build/ros2_demo_project
[5.197s] Level 1:colcon.colcon_core.environment:checking '/home/lyu/new_ros2_ws/install/ros2_demo_project' for CMake module files
[5.198s] Level 1:colcon.colcon_core.environment:checking '/home/lyu/new_ros2_ws/install/ros2_demo_project' for CMake config files
[5.198s] Level 1:colcon.colcon_core.shell:create_environment_hook('ros2_demo_project', 'cmake_prefix_path')
[5.198s] INFO:colcon.colcon_core.shell:Creating environment hook '/home/lyu/new_ros2_ws/install/ros2_demo_project/share/ros2_demo_project/hook/cmake_prefix_path.ps1'
[5.198s] INFO:colcon.colcon_core.shell:Creating environment descriptor '/home/lyu/new_ros2_ws/install/ros2_demo_project/share/ros2_demo_project/hook/cmake_prefix_path.dsv'
[5.199s] INFO:colcon.colcon_core.shell:Creating environment hook '/home/lyu/new_ros2_ws/install/ros2_demo_project/share/ros2_demo_project/hook/cmake_prefix_path.sh'
[5.199s] Level 1:colcon.colcon_core.environment:checking '/home/lyu/new_ros2_ws/install/ros2_demo_project/lib'
[5.199s] Level 1:colcon.colcon_core.environment:checking '/home/lyu/new_ros2_ws/install/ros2_demo_project/bin'
[5.199s] Level 1:colcon.colcon_core.environment:checking '/home/lyu/new_ros2_ws/install/ros2_demo_project/lib/pkgconfig/ros2_demo_project.pc'
[5.199s] Level 1:colcon.colcon_core.environment:checking '/home/lyu/new_ros2_ws/install/ros2_demo_project/lib/python3.10/site-packages'
[5.199s] Level 1:colcon.colcon_core.environment:checking '/home/lyu/new_ros2_ws/install/ros2_demo_project/bin'
[5.199s] INFO:colcon.colcon_core.shell:Creating package script '/home/lyu/new_ros2_ws/install/ros2_demo_project/share/ros2_demo_project/package.ps1'
[5.200s] INFO:colcon.colcon_core.shell:Creating package descriptor '/home/lyu/new_ros2_ws/install/ros2_demo_project/share/ros2_demo_project/package.dsv'
[5.201s] INFO:colcon.colcon_core.shell:Creating package script '/home/lyu/new_ros2_ws/install/ros2_demo_project/share/ros2_demo_project/package.sh'
[5.201s] INFO:colcon.colcon_core.shell:Creating package script '/home/lyu/new_ros2_ws/install/ros2_demo_project/share/ros2_demo_project/package.bash'
[5.202s] INFO:colcon.colcon_core.shell:Creating package script '/home/lyu/new_ros2_ws/install/ros2_demo_project/share/ros2_demo_project/package.zsh'
[5.202s] Level 1:colcon.colcon_core.environment:create_file_with_runtime_dependencies(/home/lyu/new_ros2_ws/install/ros2_demo_project/share/colcon-core/packages/ros2_demo_project)
[5.236s] Level 1:colcon.colcon_core.environment:create_environment_scripts_only(ros2_demo_project)
[5.237s] Level 1:colcon.colcon_core.environment:checking '/home/lyu/new_ros2_ws/install/ros2_demo_project' for CMake module files
[5.237s] Level 1:colcon.colcon_core.environment:checking '/home/lyu/new_ros2_ws/install/ros2_demo_project' for CMake config files
[5.237s] Level 1:colcon.colcon_core.shell:create_environment_hook('ros2_demo_project', 'cmake_prefix_path')
[5.237s] INFO:colcon.colcon_core.shell:Creating environment hook '/home/lyu/new_ros2_ws/install/ros2_demo_project/share/ros2_demo_project/hook/cmake_prefix_path.ps1'
[5.237s] INFO:colcon.colcon_core.shell:Creating environment descriptor '/home/lyu/new_ros2_ws/install/ros2_demo_project/share/ros2_demo_project/hook/cmake_prefix_path.dsv'
[5.238s] INFO:colcon.colcon_core.shell:Creating environment hook '/home/lyu/new_ros2_ws/install/ros2_demo_project/share/ros2_demo_project/hook/cmake_prefix_path.sh'
[5.238s] Level 1:colcon.colcon_core.environment:checking '/home/lyu/new_ros2_ws/install/ros2_demo_project/lib'
[5.238s] Level 1:colcon.colcon_core.environment:checking '/home/lyu/new_ros2_ws/install/ros2_demo_project/bin'
[5.238s] Level 1:colcon.colcon_core.environment:checking '/home/lyu/new_ros2_ws/install/ros2_demo_project/lib/pkgconfig/ros2_demo_project.pc'
[5.238s] Level 1:colcon.colcon_core.environment:checking '/home/lyu/new_ros2_ws/install/ros2_demo_project/lib/python3.10/site-packages'
[5.238s] Level 1:colcon.colcon_core.environment:checking '/home/lyu/new_ros2_ws/install/ros2_demo_project/bin'
[5.238s] INFO:colcon.colcon_core.shell:Creating package script '/home/lyu/new_ros2_ws/install/ros2_demo_project/share/ros2_demo_project/package.ps1'
[5.239s] INFO:colcon.colcon_core.shell:Creating package descriptor '/home/lyu/new_ros2_ws/install/ros2_demo_project/share/ros2_demo_project/package.dsv'
[5.239s] INFO:colcon.colcon_core.shell:Creating package script '/home/lyu/new_ros2_ws/install/ros2_demo_project/share/ros2_demo_project/package.sh'
[5.239s] INFO:colcon.colcon_core.shell:Creating package script '/home/lyu/new_ros2_ws/install/ros2_demo_project/share/ros2_demo_project/package.bash'
[5.239s] INFO:colcon.colcon_core.shell:Creating package script '/home/lyu/new_ros2_ws/install/ros2_demo_project/share/ros2_demo_project/package.zsh'
[5.240s] Level 1:colcon.colcon_core.environment:create_file_with_runtime_dependencies(/home/lyu/new_ros2_ws/install/ros2_demo_project/share/colcon-core/packages/ros2_demo_project)
[5.240s] DEBUG:colcon.colcon_parallel_executor.executor.parallel:closing loop
[5.240s] DEBUG:colcon.colcon_parallel_executor.executor.parallel:loop closed
[5.240s] DEBUG:colcon.colcon_parallel_executor.executor.parallel:run_until_complete finished with '0'
[5.240s] DEBUG:colcon.colcon_core.event_reactor:joining thread
[5.243s] INFO:colcon.colcon_core.plugin_system:Skipping extension 'colcon_notification.desktop_notification.terminal_notifier': Not used on non-Darwin systems
[5.243s] INFO:colcon.colcon_core.plugin_system:Skipping extension 'colcon_notification.desktop_notification.win32': Not used on non-Windows systems
[5.243s] INFO:colcon.colcon_notification.desktop_notification:Sending desktop notification using 'notify2'
[5.252s] DEBUG:colcon.colcon_core.event_reactor:joined thread
[5.253s] INFO:colcon.colcon_core.shell:Creating prefix script '/home/lyu/new_ros2_ws/install/local_setup.ps1'
[5.253s] INFO:colcon.colcon_core.shell:Creating prefix util module '/home/lyu/new_ros2_ws/install/_local_setup_util_ps1.py'
[5.254s] INFO:colcon.colcon_core.shell:Creating prefix chain script '/home/lyu/new_ros2_ws/install/setup.ps1'
[5.254s] INFO:colcon.colcon_core.shell:Creating prefix script '/home/lyu/new_ros2_ws/install/local_setup.sh'
[5.255s] INFO:colcon.colcon_core.shell:Creating prefix util module '/home/lyu/new_ros2_ws/install/_local_setup_util_sh.py'
[5.255s] INFO:colcon.colcon_core.shell:Creating prefix chain script '/home/lyu/new_ros2_ws/install/setup.sh'
[5.255s] INFO:colcon.colcon_core.shell:Creating prefix script '/home/lyu/new_ros2_ws/install/local_setup.bash'
[5.256s] INFO:colcon.colcon_core.shell:Creating prefix chain script '/home/lyu/new_ros2_ws/install/setup.bash'
[5.256s] INFO:colcon.colcon_core.shell:Creating prefix script '/home/lyu/new_ros2_ws/install/local_setup.zsh'
[5.256s] INFO:colcon.colcon_core.shell:Creating prefix chain script '/home/lyu/new_ros2_ws/install/setup.zsh'
