[0.007s] Invoking command in '/home/lyu/new_ros2_ws/build/ros2_demo_project': CMAKE_PREFIX_PATH=${CMAKE_PREFIX_PATH}:/opt/ros/humble /usr/bin/cmake --build /home/lyu/new_ros2_ws/build/ros2_demo_project -- -j4 -l4
[0.030s] -- Found ament_cmake: 1.3.9 (/opt/ros/humble/share/ament_cmake/cmake)
[0.108s] -- Found rclcpp: 16.0.9 (/opt/ros/humble/share/rclcpp/cmake)
[0.124s] -- Found rosidl_generator_c: 3.1.5 (/opt/ros/humble/share/rosidl_generator_c/cmake)
[0.126s] -- Found rosidl_adapter: 3.1.5 (/opt/ros/humble/share/rosidl_adapter/cmake)
[0.130s] -- Found rosidl_generator_cpp: 3.1.5 (/opt/ros/humble/share/rosidl_generator_cpp/cmake)
[0.136s] -- Using all available rosidl_typesupport_c: rosidl_typesupport_fastrtps_c;rosidl_typesupport_introspection_c
[0.145s] -- Using all available rosidl_typesupport_cpp: rosidl_typesupport_fastrtps_cpp;rosidl_typesupport_introspection_cpp
[0.179s] -- Found rmw_implementation_cmake: 6.1.2 (/opt/ros/humble/share/rmw_implementation_cmake/cmake)
[0.180s] -- Found rmw_fastrtps_cpp: 6.2.6 (/opt/ros/humble/share/rmw_fastrtps_cpp/cmake)
[0.259s] -- Using RMW implementation 'rmw_fastrtps_cpp' as default
[0.353s] -- Found sensor_msgs: 4.2.4 (/opt/ros/humble/share/sensor_msgs/cmake)
[0.427s] -- Found tf2_ros: 0.25.8 (/opt/ros/humble/share/tf2_ros/cmake)
[0.625s] -- Found visualization_msgs: 4.2.4 (/opt/ros/humble/share/visualization_msgs/cmake)
[0.701s] -- Found ament_lint_auto: 0.12.11 (/opt/ros/humble/share/ament_lint_auto/cmake)
[0.745s] -- Added test 'copyright' to check source files copyright and LICENSE
[0.746s] -- Added test 'cppcheck' to perform static code analysis on C / C++ code
[0.746s] -- Configured cppcheck include dirs: 
[0.746s] -- Configured cppcheck exclude dirs and/or files: 
[0.746s] -- Added test 'flake8' to check Python code syntax and style conventions
[0.747s] -- Added test 'lint_cmake' to check CMake code style
[0.747s] -- Added test 'pep257' to check Python code against some of the docstring style conventions in PEP 257
[0.748s] -- Added test 'uncrustify' to check C / C++ code style
[0.748s] -- Configured uncrustify additional arguments: 
[0.748s] -- Added test 'xmllint' to check XML markup files
[0.749s] -- Configuring done
[0.768s] -- Generating done
[0.770s] -- Build files have been written to: /home/lyu/new_ros2_ws/build/ros2_demo_project
[0.794s] [35m[1mConsolidate compiler generated dependencies of target mmwave_radar_node[0m
[0.794s] [35m[1mConsolidate compiler generated dependencies of target thingy52_node[0m
[0.794s] [35m[1mConsolidate compiler generated dependencies of target static_map_node[0m
[0.794s] [35m[1mConsolidate compiler generated dependencies of target kinect_node[0m
[0.805s] [ 40%] Built target static_map_node
[0.805s] [ 40%] Built target thingy52_node
[0.805s] [ 60%] Built target mmwave_radar_node
[0.806s] [ 80%] Built target kinect_node
[0.813s] [35m[1mConsolidate compiler generated dependencies of target room_map_node[0m
[0.825s] [100%] Built target room_map_node
[0.834s] Invoked command in '/home/lyu/new_ros2_ws/build/ros2_demo_project' returned '0': CMAKE_PREFIX_PATH=${CMAKE_PREFIX_PATH}:/opt/ros/humble /usr/bin/cmake --build /home/lyu/new_ros2_ws/build/ros2_demo_project -- -j4 -l4
[0.877s] Invoking command in '/home/lyu/new_ros2_ws/build/ros2_demo_project': CMAKE_PREFIX_PATH=${CMAKE_PREFIX_PATH}:/opt/ros/humble /usr/bin/cmake --install /home/lyu/new_ros2_ws/build/ros2_demo_project
[0.883s] -- Install configuration: ""
[0.883s] -- Up-to-date: /home/lyu/new_ros2_ws/install/ros2_demo_project/lib/ros2_demo_project/thingy52_node
[0.883s] -- Up-to-date: /home/lyu/new_ros2_ws/install/ros2_demo_project/lib/ros2_demo_project/mmwave_radar_node
[0.883s] -- Up-to-date: /home/lyu/new_ros2_ws/install/ros2_demo_project/lib/ros2_demo_project/kinect_node
[0.884s] -- Up-to-date: /home/lyu/new_ros2_ws/install/ros2_demo_project/lib/ros2_demo_project/static_map_node
[0.884s] -- Up-to-date: /home/lyu/new_ros2_ws/install/ros2_demo_project/lib/ros2_demo_project/room_map_node
[0.884s] -- Up-to-date: /home/lyu/new_ros2_ws/install/ros2_demo_project/share/ros2_demo_project//launch
[0.884s] -- Up-to-date: /home/lyu/new_ros2_ws/install/ros2_demo_project/share/ros2_demo_project//launch/room_map_launch.py
[0.884s] -- Up-to-date: /home/lyu/new_ros2_ws/install/ros2_demo_project/share/ros2_demo_project//launch/kinect_launch.py
[0.884s] -- Up-to-date: /home/lyu/new_ros2_ws/install/ros2_demo_project/share/ros2_demo_project//launch/system_demo_launch.py
[0.884s] -- Up-to-date: /home/lyu/new_ros2_ws/install/ros2_demo_project/share/ros2_demo_project//launch/mmwave_radar_launch.py
[0.885s] -- Up-to-date: /home/lyu/new_ros2_ws/install/ros2_demo_project/share/ros2_demo_project//config
[0.885s] -- Up-to-date: /home/lyu/new_ros2_ws/install/ros2_demo_project/share/ros2_demo_project//config/thingy52_params.yaml
[0.885s] -- Up-to-date: /home/lyu/new_ros2_ws/install/ros2_demo_project/share/ros2_demo_project//config/kinect_params.yaml
[0.885s] -- Up-to-date: /home/lyu/new_ros2_ws/install/ros2_demo_project/share/ros2_demo_project//config/mmwave_radar_params.yaml
[0.885s] -- Installing: /home/lyu/new_ros2_ws/install/ros2_demo_project/share/ament_index/resource_index/package_run_dependencies/ros2_demo_project
[0.885s] -- Installing: /home/lyu/new_ros2_ws/install/ros2_demo_project/share/ament_index/resource_index/parent_prefix_path/ros2_demo_project
[0.885s] -- Up-to-date: /home/lyu/new_ros2_ws/install/ros2_demo_project/share/ros2_demo_project/environment/ament_prefix_path.sh
[0.885s] -- Installing: /home/lyu/new_ros2_ws/install/ros2_demo_project/share/ros2_demo_project/environment/ament_prefix_path.dsv
[0.885s] -- Up-to-date: /home/lyu/new_ros2_ws/install/ros2_demo_project/share/ros2_demo_project/environment/path.sh
[0.885s] -- Installing: /home/lyu/new_ros2_ws/install/ros2_demo_project/share/ros2_demo_project/environment/path.dsv
[0.885s] -- Up-to-date: /home/lyu/new_ros2_ws/install/ros2_demo_project/share/ros2_demo_project/local_setup.bash
[0.885s] -- Up-to-date: /home/lyu/new_ros2_ws/install/ros2_demo_project/share/ros2_demo_project/local_setup.sh
[0.885s] -- Up-to-date: /home/lyu/new_ros2_ws/install/ros2_demo_project/share/ros2_demo_project/local_setup.zsh
[0.885s] -- Installing: /home/lyu/new_ros2_ws/install/ros2_demo_project/share/ros2_demo_project/local_setup.dsv
[0.885s] -- Installing: /home/lyu/new_ros2_ws/install/ros2_demo_project/share/ros2_demo_project/package.dsv
[0.886s] -- Up-to-date: /home/lyu/new_ros2_ws/install/ros2_demo_project/share/ament_index/resource_index/packages/ros2_demo_project
[0.886s] -- Up-to-date: /home/lyu/new_ros2_ws/install/ros2_demo_project/share/ros2_demo_project/cmake/ros2_demo_projectConfig.cmake
[0.886s] -- Up-to-date: /home/lyu/new_ros2_ws/install/ros2_demo_project/share/ros2_demo_project/cmake/ros2_demo_projectConfig-version.cmake
[0.886s] -- Installing: /home/lyu/new_ros2_ws/install/ros2_demo_project/share/ros2_demo_project/package.xml
[0.887s] Invoked command in '/home/lyu/new_ros2_ws/build/ros2_demo_project' returned '0': CMAKE_PREFIX_PATH=${CMAKE_PREFIX_PATH}:/opt/ros/humble /usr/bin/cmake --install /home/lyu/new_ros2_ws/build/ros2_demo_project
