[0.406s] DEBUG:colcon:Command line arguments: ['/usr/bin/colcon', 'build']
[0.406s] DEBUG:colcon:Parsed command line arguments: Namespace(log_base=None, log_level=None, verb_name='build', build_base='build', install_base='install', merge_install=False, symlink_install=False, test_result_base=None, continue_on_error=False, executor='parallel', parallel_workers=4, event_handlers=None, ignore_user_meta=False, metas=['./colcon.meta'], base_paths=['.'], packages_ignore=None, packages_ignore_regex=None, paths=None, packages_up_to=None, packages_up_to_regex=None, packages_above=None, packages_above_and_dependencies=None, packages_above_depth=None, packages_select_by_dep=None, packages_skip_by_dep=None, packages_skip_up_to=None, packages_select_build_failed=False, packages_skip_build_finished=False, packages_select_test_failures=False, packages_skip_test_passed=False, packages_select=None, packages_skip=None, packages_select_regex=None, packages_skip_regex=None, packages_start=None, packages_end=None, allow_overriding=[], cmake_args=None, cmake_target=None, cmake_target_skip_unavailable=False, cmake_clean_cache=False, cmake_clean_first=False, cmake_force_configure=False, ament_cmake_args=None, catkin_cmake_args=None, catkin_skip_building_tests=False, verb_parser=<colcon_defaults.argument_parser.defaults.DefaultArgumentsDecorator object at 0x77dd9b438670>, verb_extension=<colcon_core.verb.build.BuildVerb object at 0x77dd9b4380a0>, main=<bound method BuildVerb.main of <colcon_core.verb.build.BuildVerb object at 0x77dd9b4380a0>>)
[0.755s] Level 1:colcon.colcon_core.package_discovery:discover_packages(colcon_meta) check parameters
[0.755s] Level 1:colcon.colcon_core.package_discovery:discover_packages(recursive) check parameters
[0.755s] Level 1:colcon.colcon_core.package_discovery:discover_packages(ignore) check parameters
[0.755s] Level 1:colcon.colcon_core.package_discovery:discover_packages(path) check parameters
[0.756s] Level 1:colcon.colcon_core.package_discovery:discover_packages(colcon_meta) discover
[0.756s] Level 1:colcon.colcon_core.package_discovery:discover_packages(recursive) discover
[0.756s] INFO:colcon.colcon_core.package_discovery:Crawling recursively for packages in '/home/shaoqiu/ros2'
[0.756s] Level 1:colcon.colcon_core.package_identification:_identify(.) by extensions ['ignore', 'ignore_ament_install']
[0.756s] Level 1:colcon.colcon_core.package_identification:_identify(.) by extension 'ignore'
[0.756s] Level 1:colcon.colcon_core.package_identification:_identify(.) by extension 'ignore_ament_install'
[0.756s] Level 1:colcon.colcon_core.package_identification:_identify(.) by extensions ['colcon_pkg']
[0.756s] Level 1:colcon.colcon_core.package_identification:_identify(.) by extension 'colcon_pkg'
[0.756s] Level 1:colcon.colcon_core.package_identification:_identify(.) by extensions ['colcon_meta']
[0.756s] Level 1:colcon.colcon_core.package_identification:_identify(.) by extension 'colcon_meta'
[0.756s] Level 1:colcon.colcon_core.package_identification:_identify(.) by extensions ['ros']
[0.756s] Level 1:colcon.colcon_core.package_identification:_identify(.) by extension 'ros'
[0.771s] Level 1:colcon.colcon_core.package_identification:_identify(.) by extensions ['cmake', 'python']
[0.771s] Level 1:colcon.colcon_core.package_identification:_identify(.) by extension 'cmake'
[0.771s] Level 1:colcon.colcon_core.package_identification:_identify(.) by extension 'python'
[0.771s] Level 1:colcon.colcon_core.package_identification:_identify(.) by extensions ['python_setup_py']
[0.771s] Level 1:colcon.colcon_core.package_identification:_identify(.) by extension 'python_setup_py'
[0.771s] Level 1:colcon.colcon_core.package_identification:_identify(build) by extensions ['ignore', 'ignore_ament_install']
[0.771s] Level 1:colcon.colcon_core.package_identification:_identify(build) by extension 'ignore'
[0.771s] Level 1:colcon.colcon_core.package_identification:_identify(build) ignored
[0.772s] Level 1:colcon.colcon_core.package_identification:_identify(install) by extensions ['ignore', 'ignore_ament_install']
[0.772s] Level 1:colcon.colcon_core.package_identification:_identify(install) by extension 'ignore'
[0.772s] Level 1:colcon.colcon_core.package_identification:_identify(install) ignored
[0.772s] Level 1:colcon.colcon_core.package_identification:_identify(log) by extensions ['ignore', 'ignore_ament_install']
[0.772s] Level 1:colcon.colcon_core.package_identification:_identify(log) by extension 'ignore'
[0.772s] Level 1:colcon.colcon_core.package_identification:_identify(log) ignored
[0.772s] Level 1:colcon.colcon_core.package_identification:_identify(ros2thesis-main) by extensions ['ignore', 'ignore_ament_install']
[0.772s] Level 1:colcon.colcon_core.package_identification:_identify(ros2thesis-main) by extension 'ignore'
[0.772s] Level 1:colcon.colcon_core.package_identification:_identify(ros2thesis-main) by extension 'ignore_ament_install'
[0.772s] Level 1:colcon.colcon_core.package_identification:_identify(ros2thesis-main) by extensions ['colcon_pkg']
[0.772s] Level 1:colcon.colcon_core.package_identification:_identify(ros2thesis-main) by extension 'colcon_pkg'
[0.772s] Level 1:colcon.colcon_core.package_identification:_identify(ros2thesis-main) by extensions ['colcon_meta']
[0.772s] Level 1:colcon.colcon_core.package_identification:_identify(ros2thesis-main) by extension 'colcon_meta'
[0.772s] Level 1:colcon.colcon_core.package_identification:_identify(ros2thesis-main) by extensions ['ros']
[0.772s] Level 1:colcon.colcon_core.package_identification:_identify(ros2thesis-main) by extension 'ros'
[0.772s] Level 1:colcon.colcon_core.package_identification:_identify(ros2thesis-main) by extensions ['cmake', 'python']
[0.772s] Level 1:colcon.colcon_core.package_identification:_identify(ros2thesis-main) by extension 'cmake'
[0.772s] Level 1:colcon.colcon_core.package_identification:_identify(ros2thesis-main) by extension 'python'
[0.772s] Level 1:colcon.colcon_core.package_identification:_identify(ros2thesis-main) by extensions ['python_setup_py']
[0.772s] Level 1:colcon.colcon_core.package_identification:_identify(ros2thesis-main) by extension 'python_setup_py'
[0.773s] Level 1:colcon.colcon_core.package_identification:_identify(ros2thesis-main/build) by extensions ['ignore', 'ignore_ament_install']
[0.773s] Level 1:colcon.colcon_core.package_identification:_identify(ros2thesis-main/build) by extension 'ignore'
[0.773s] Level 1:colcon.colcon_core.package_identification:_identify(ros2thesis-main/build) ignored
[0.773s] Level 1:colcon.colcon_core.package_identification:_identify(ros2thesis-main/install) by extensions ['ignore', 'ignore_ament_install']
[0.773s] Level 1:colcon.colcon_core.package_identification:_identify(ros2thesis-main/install) by extension 'ignore'
[0.773s] Level 1:colcon.colcon_core.package_identification:_identify(ros2thesis-main/install) ignored
[0.773s] Level 1:colcon.colcon_core.package_identification:_identify(ros2thesis-main/log) by extensions ['ignore', 'ignore_ament_install']
[0.773s] Level 1:colcon.colcon_core.package_identification:_identify(ros2thesis-main/log) by extension 'ignore'
[0.773s] Level 1:colcon.colcon_core.package_identification:_identify(ros2thesis-main/log) ignored
[0.773s] Level 1:colcon.colcon_core.package_identification:_identify(ros2thesis-main/logs) by extensions ['ignore', 'ignore_ament_install']
[0.773s] Level 1:colcon.colcon_core.package_identification:_identify(ros2thesis-main/logs) by extension 'ignore'
[0.773s] Level 1:colcon.colcon_core.package_identification:_identify(ros2thesis-main/logs) by extension 'ignore_ament_install'
[0.773s] Level 1:colcon.colcon_core.package_identification:_identify(ros2thesis-main/logs) by extensions ['colcon_pkg']
[0.773s] Level 1:colcon.colcon_core.package_identification:_identify(ros2thesis-main/logs) by extension 'colcon_pkg'
[0.773s] Level 1:colcon.colcon_core.package_identification:_identify(ros2thesis-main/logs) by extensions ['colcon_meta']
[0.773s] Level 1:colcon.colcon_core.package_identification:_identify(ros2thesis-main/logs) by extension 'colcon_meta'
[0.773s] Level 1:colcon.colcon_core.package_identification:_identify(ros2thesis-main/logs) by extensions ['ros']
[0.773s] Level 1:colcon.colcon_core.package_identification:_identify(ros2thesis-main/logs) by extension 'ros'
[0.773s] Level 1:colcon.colcon_core.package_identification:_identify(ros2thesis-main/logs) by extensions ['cmake', 'python']
[0.773s] Level 1:colcon.colcon_core.package_identification:_identify(ros2thesis-main/logs) by extension 'cmake'
[0.773s] Level 1:colcon.colcon_core.package_identification:_identify(ros2thesis-main/logs) by extension 'python'
[0.773s] Level 1:colcon.colcon_core.package_identification:_identify(ros2thesis-main/logs) by extensions ['python_setup_py']
[0.773s] Level 1:colcon.colcon_core.package_identification:_identify(ros2thesis-main/logs) by extension 'python_setup_py'
[0.774s] Level 1:colcon.colcon_core.package_identification:_identify(ros2thesis-main/src) by extensions ['ignore', 'ignore_ament_install']
[0.774s] Level 1:colcon.colcon_core.package_identification:_identify(ros2thesis-main/src) by extension 'ignore'
[0.774s] Level 1:colcon.colcon_core.package_identification:_identify(ros2thesis-main/src) by extension 'ignore_ament_install'
[0.774s] Level 1:colcon.colcon_core.package_identification:_identify(ros2thesis-main/src) by extensions ['colcon_pkg']
[0.774s] Level 1:colcon.colcon_core.package_identification:_identify(ros2thesis-main/src) by extension 'colcon_pkg'
[0.774s] Level 1:colcon.colcon_core.package_identification:_identify(ros2thesis-main/src) by extensions ['colcon_meta']
[0.774s] Level 1:colcon.colcon_core.package_identification:_identify(ros2thesis-main/src) by extension 'colcon_meta'
[0.774s] Level 1:colcon.colcon_core.package_identification:_identify(ros2thesis-main/src) by extensions ['ros']
[0.774s] Level 1:colcon.colcon_core.package_identification:_identify(ros2thesis-main/src) by extension 'ros'
[0.774s] Level 1:colcon.colcon_core.package_identification:_identify(ros2thesis-main/src) by extensions ['cmake', 'python']
[0.774s] Level 1:colcon.colcon_core.package_identification:_identify(ros2thesis-main/src) by extension 'cmake'
[0.774s] Level 1:colcon.colcon_core.package_identification:_identify(ros2thesis-main/src) by extension 'python'
[0.774s] Level 1:colcon.colcon_core.package_identification:_identify(ros2thesis-main/src) by extensions ['python_setup_py']
[0.774s] Level 1:colcon.colcon_core.package_identification:_identify(ros2thesis-main/src) by extension 'python_setup_py'
[0.774s] Level 1:colcon.colcon_core.package_identification:_identify(ros2thesis-main/src/build) by extensions ['ignore', 'ignore_ament_install']
[0.774s] Level 1:colcon.colcon_core.package_identification:_identify(ros2thesis-main/src/build) by extension 'ignore'
[0.774s] Level 1:colcon.colcon_core.package_identification:_identify(ros2thesis-main/src/build) ignored
[0.774s] Level 1:colcon.colcon_core.package_identification:_identify(ros2thesis-main/src/install) by extensions ['ignore', 'ignore_ament_install']
[0.774s] Level 1:colcon.colcon_core.package_identification:_identify(ros2thesis-main/src/install) by extension 'ignore'
[0.774s] Level 1:colcon.colcon_core.package_identification:_identify(ros2thesis-main/src/install) ignored
[0.774s] Level 1:colcon.colcon_core.package_identification:_identify(ros2thesis-main/src/log) by extensions ['ignore', 'ignore_ament_install']
[0.774s] Level 1:colcon.colcon_core.package_identification:_identify(ros2thesis-main/src/log) by extension 'ignore'
[0.774s] Level 1:colcon.colcon_core.package_identification:_identify(ros2thesis-main/src/log) ignored
[0.775s] Level 1:colcon.colcon_core.package_identification:_identify(ros2thesis-main/src/ros2_demo_project) by extensions ['ignore', 'ignore_ament_install']
[0.775s] Level 1:colcon.colcon_core.package_identification:_identify(ros2thesis-main/src/ros2_demo_project) by extension 'ignore'
[0.775s] Level 1:colcon.colcon_core.package_identification:_identify(ros2thesis-main/src/ros2_demo_project) by extension 'ignore_ament_install'
[0.775s] Level 1:colcon.colcon_core.package_identification:_identify(ros2thesis-main/src/ros2_demo_project) by extensions ['colcon_pkg']
[0.775s] Level 1:colcon.colcon_core.package_identification:_identify(ros2thesis-main/src/ros2_demo_project) by extension 'colcon_pkg'
[0.775s] Level 1:colcon.colcon_core.package_identification:_identify(ros2thesis-main/src/ros2_demo_project) by extensions ['colcon_meta']
[0.775s] Level 1:colcon.colcon_core.package_identification:_identify(ros2thesis-main/src/ros2_demo_project) by extension 'colcon_meta'
[0.775s] Level 1:colcon.colcon_core.package_identification:_identify(ros2thesis-main/src/ros2_demo_project) by extensions ['ros']
[0.775s] Level 1:colcon.colcon_core.package_identification:_identify(ros2thesis-main/src/ros2_demo_project) by extension 'ros'
[0.780s] DEBUG:colcon.colcon_core.package_identification:Package 'ros2thesis-main/src/ros2_demo_project' with type 'ros.ament_cmake' and name 'ros2_demo_project'
[0.780s] Level 1:colcon.colcon_core.package_discovery:discover_packages(recursive) using defaults
[0.780s] Level 1:colcon.colcon_core.package_discovery:discover_packages(ignore) discover
[0.780s] Level 1:colcon.colcon_core.package_discovery:discover_packages(ignore) using defaults
[0.780s] Level 1:colcon.colcon_core.package_discovery:discover_packages(path) discover
[0.780s] Level 1:colcon.colcon_core.package_discovery:discover_packages(path) using defaults
[0.813s] Level 1:colcon.colcon_core.package_discovery:discover_packages(prefix_path) check parameters
[0.813s] Level 1:colcon.colcon_core.package_discovery:discover_packages(prefix_path) discover
[0.821s] DEBUG:colcon.colcon_installed_package_information.package_discovery:Found 1 installed packages in /home/shaoqiu/ros2/ros2thesis-main/install
[0.824s] DEBUG:colcon.colcon_installed_package_information.package_discovery:Found 270 installed packages in /opt/ros/humble
[0.836s] Level 1:colcon.colcon_core.package_discovery:discover_packages(prefix_path) using defaults
[1.000s] Level 5:colcon.colcon_core.verb:set package 'ros2_demo_project' build argument 'cmake_args' from command line to 'None'
[1.000s] Level 5:colcon.colcon_core.verb:set package 'ros2_demo_project' build argument 'cmake_target' from command line to 'None'
[1.000s] Level 5:colcon.colcon_core.verb:set package 'ros2_demo_project' build argument 'cmake_target_skip_unavailable' from command line to 'False'
[1.000s] Level 5:colcon.colcon_core.verb:set package 'ros2_demo_project' build argument 'cmake_clean_cache' from command line to 'False'
[1.000s] Level 5:colcon.colcon_core.verb:set package 'ros2_demo_project' build argument 'cmake_clean_first' from command line to 'False'
[1.000s] Level 5:colcon.colcon_core.verb:set package 'ros2_demo_project' build argument 'cmake_force_configure' from command line to 'False'
[1.001s] Level 5:colcon.colcon_core.verb:set package 'ros2_demo_project' build argument 'ament_cmake_args' from command line to 'None'
[1.001s] Level 5:colcon.colcon_core.verb:set package 'ros2_demo_project' build argument 'catkin_cmake_args' from command line to 'None'
[1.001s] Level 5:colcon.colcon_core.verb:set package 'ros2_demo_project' build argument 'catkin_skip_building_tests' from command line to 'False'
[1.001s] DEBUG:colcon.colcon_core.verb:Building package 'ros2_demo_project' with the following arguments: {'ament_cmake_args': None, 'build_base': '/home/shaoqiu/ros2/build/ros2_demo_project', 'catkin_cmake_args': None, 'catkin_skip_building_tests': False, 'cmake_args': None, 'cmake_clean_cache': False, 'cmake_clean_first': False, 'cmake_force_configure': False, 'cmake_target': None, 'cmake_target_skip_unavailable': False, 'install_base': '/home/shaoqiu/ros2/install/ros2_demo_project', 'merge_install': False, 'path': '/home/shaoqiu/ros2/ros2thesis-main/src/ros2_demo_project', 'symlink_install': False, 'test_result_base': None}
[1.001s] INFO:colcon.colcon_core.executor:Executing jobs using 'parallel' executor
[1.002s] DEBUG:colcon.colcon_parallel_executor.executor.parallel:run_until_complete
[1.002s] INFO:colcon.colcon_ros.task.ament_cmake.build:Building ROS package in '/home/shaoqiu/ros2/ros2thesis-main/src/ros2_demo_project' with build type 'ament_cmake'
[1.002s] INFO:colcon.colcon_cmake.task.cmake.build:Building CMake package in '/home/shaoqiu/ros2/ros2thesis-main/src/ros2_demo_project'
[1.014s] INFO:colcon.colcon_core.plugin_system:Skipping extension 'colcon_core.shell.bat': Not used on non-Windows systems
[1.015s] INFO:colcon.colcon_core.shell:Skip shell extension 'powershell' for command environment: Not usable outside of PowerShell
[1.015s] DEBUG:colcon.colcon_core.shell:Skip shell extension 'dsv' for command environment
[1.043s] DEBUG:colcon.colcon_core.event_handler.log_command:Invoking command in '/home/shaoqiu/ros2/build/ros2_demo_project': CMAKE_PREFIX_PATH=${CMAKE_PREFIX_PATH}:/opt/ros/humble /usr/bin/cmake /home/shaoqiu/ros2/ros2thesis-main/src/ros2_demo_project -DCMAKE_INSTALL_PREFIX=/home/shaoqiu/ros2/install/ros2_demo_project
[3.319s] DEBUG:colcon.colcon_core.event_handler.log_command:Invoked command in '/home/shaoqiu/ros2/build/ros2_demo_project' returned '0': CMAKE_PREFIX_PATH=${CMAKE_PREFIX_PATH}:/opt/ros/humble /usr/bin/cmake /home/shaoqiu/ros2/ros2thesis-main/src/ros2_demo_project -DCMAKE_INSTALL_PREFIX=/home/shaoqiu/ros2/install/ros2_demo_project
[3.322s] DEBUG:colcon.colcon_core.event_handler.log_command:Invoking command in '/home/shaoqiu/ros2/build/ros2_demo_project': CMAKE_PREFIX_PATH=${CMAKE_PREFIX_PATH}:/opt/ros/humble /usr/bin/cmake --build /home/shaoqiu/ros2/build/ros2_demo_project -- -j4 -l4
[16.628s] DEBUG:colcon.colcon_core.event_handler.log_command:Invoked command in '/home/shaoqiu/ros2/build/ros2_demo_project' returned '0': CMAKE_PREFIX_PATH=${CMAKE_PREFIX_PATH}:/opt/ros/humble /usr/bin/cmake --build /home/shaoqiu/ros2/build/ros2_demo_project -- -j4 -l4
[16.642s] DEBUG:colcon.colcon_core.event_handler.log_command:Invoking command in '/home/shaoqiu/ros2/build/ros2_demo_project': CMAKE_PREFIX_PATH=${CMAKE_PREFIX_PATH}:/opt/ros/humble /usr/bin/cmake --install /home/shaoqiu/ros2/build/ros2_demo_project
[16.690s] Level 1:colcon.colcon_core.environment:create_environment_scripts_only(ros2_demo_project)
[16.691s] DEBUG:colcon.colcon_core.event_handler.log_command:Invoked command in '/home/shaoqiu/ros2/build/ros2_demo_project' returned '0': CMAKE_PREFIX_PATH=${CMAKE_PREFIX_PATH}:/opt/ros/humble /usr/bin/cmake --install /home/shaoqiu/ros2/build/ros2_demo_project
[16.693s] Level 1:colcon.colcon_core.environment:checking '/home/shaoqiu/ros2/install/ros2_demo_project' for CMake module files
[16.694s] Level 1:colcon.colcon_core.environment:checking '/home/shaoqiu/ros2/install/ros2_demo_project' for CMake config files
[16.694s] Level 1:colcon.colcon_core.shell:create_environment_hook('ros2_demo_project', 'cmake_prefix_path')
[16.694s] INFO:colcon.colcon_core.shell:Creating environment hook '/home/shaoqiu/ros2/install/ros2_demo_project/share/ros2_demo_project/hook/cmake_prefix_path.ps1'
[16.696s] INFO:colcon.colcon_core.shell:Creating environment descriptor '/home/shaoqiu/ros2/install/ros2_demo_project/share/ros2_demo_project/hook/cmake_prefix_path.dsv'
[16.697s] INFO:colcon.colcon_core.shell:Creating environment hook '/home/shaoqiu/ros2/install/ros2_demo_project/share/ros2_demo_project/hook/cmake_prefix_path.sh'
[16.699s] Level 1:colcon.colcon_core.environment:checking '/home/shaoqiu/ros2/install/ros2_demo_project/lib'
[16.699s] Level 1:colcon.colcon_core.environment:checking '/home/shaoqiu/ros2/install/ros2_demo_project/bin'
[16.699s] Level 1:colcon.colcon_core.environment:checking '/home/shaoqiu/ros2/install/ros2_demo_project/lib/pkgconfig/ros2_demo_project.pc'
[16.699s] Level 1:colcon.colcon_core.environment:checking '/home/shaoqiu/ros2/install/ros2_demo_project/lib/python3.10/site-packages'
[16.699s] Level 1:colcon.colcon_core.environment:checking '/home/shaoqiu/ros2/install/ros2_demo_project/bin'
[16.700s] INFO:colcon.colcon_core.shell:Creating package script '/home/shaoqiu/ros2/install/ros2_demo_project/share/ros2_demo_project/package.ps1'
[16.700s] INFO:colcon.colcon_core.shell:Creating package descriptor '/home/shaoqiu/ros2/install/ros2_demo_project/share/ros2_demo_project/package.dsv'
[16.701s] INFO:colcon.colcon_core.shell:Creating package script '/home/shaoqiu/ros2/install/ros2_demo_project/share/ros2_demo_project/package.sh'
[16.702s] INFO:colcon.colcon_core.shell:Creating package script '/home/shaoqiu/ros2/install/ros2_demo_project/share/ros2_demo_project/package.bash'
[16.702s] INFO:colcon.colcon_core.shell:Creating package script '/home/shaoqiu/ros2/install/ros2_demo_project/share/ros2_demo_project/package.zsh'
[16.703s] Level 1:colcon.colcon_core.environment:create_file_with_runtime_dependencies(/home/shaoqiu/ros2/install/ros2_demo_project/share/colcon-core/packages/ros2_demo_project)
[16.703s] Level 1:colcon.colcon_core.environment:create_environment_scripts_only(ros2_demo_project)
[16.703s] Level 1:colcon.colcon_core.environment:checking '/home/shaoqiu/ros2/install/ros2_demo_project' for CMake module files
[16.704s] Level 1:colcon.colcon_core.environment:checking '/home/shaoqiu/ros2/install/ros2_demo_project' for CMake config files
[16.704s] Level 1:colcon.colcon_core.shell:create_environment_hook('ros2_demo_project', 'cmake_prefix_path')
[16.704s] INFO:colcon.colcon_core.shell:Creating environment hook '/home/shaoqiu/ros2/install/ros2_demo_project/share/ros2_demo_project/hook/cmake_prefix_path.ps1'
[16.705s] INFO:colcon.colcon_core.shell:Creating environment descriptor '/home/shaoqiu/ros2/install/ros2_demo_project/share/ros2_demo_project/hook/cmake_prefix_path.dsv'
[16.705s] INFO:colcon.colcon_core.shell:Creating environment hook '/home/shaoqiu/ros2/install/ros2_demo_project/share/ros2_demo_project/hook/cmake_prefix_path.sh'
[16.707s] Level 1:colcon.colcon_core.environment:checking '/home/shaoqiu/ros2/install/ros2_demo_project/lib'
[16.707s] Level 1:colcon.colcon_core.environment:checking '/home/shaoqiu/ros2/install/ros2_demo_project/bin'
[16.707s] Level 1:colcon.colcon_core.environment:checking '/home/shaoqiu/ros2/install/ros2_demo_project/lib/pkgconfig/ros2_demo_project.pc'
[16.707s] Level 1:colcon.colcon_core.environment:checking '/home/shaoqiu/ros2/install/ros2_demo_project/lib/python3.10/site-packages'
[16.707s] Level 1:colcon.colcon_core.environment:checking '/home/shaoqiu/ros2/install/ros2_demo_project/bin'
[16.707s] INFO:colcon.colcon_core.shell:Creating package script '/home/shaoqiu/ros2/install/ros2_demo_project/share/ros2_demo_project/package.ps1'
[16.708s] INFO:colcon.colcon_core.shell:Creating package descriptor '/home/shaoqiu/ros2/install/ros2_demo_project/share/ros2_demo_project/package.dsv'
[16.709s] INFO:colcon.colcon_core.shell:Creating package script '/home/shaoqiu/ros2/install/ros2_demo_project/share/ros2_demo_project/package.sh'
[16.710s] INFO:colcon.colcon_core.shell:Creating package script '/home/shaoqiu/ros2/install/ros2_demo_project/share/ros2_demo_project/package.bash'
[16.715s] INFO:colcon.colcon_core.shell:Creating package script '/home/shaoqiu/ros2/install/ros2_demo_project/share/ros2_demo_project/package.zsh'
[16.718s] Level 1:colcon.colcon_core.environment:create_file_with_runtime_dependencies(/home/shaoqiu/ros2/install/ros2_demo_project/share/colcon-core/packages/ros2_demo_project)
[16.720s] DEBUG:colcon.colcon_parallel_executor.executor.parallel:closing loop
[16.721s] DEBUG:colcon.colcon_parallel_executor.executor.parallel:loop closed
[16.721s] DEBUG:colcon.colcon_parallel_executor.executor.parallel:run_until_complete finished with '0'
[16.721s] DEBUG:colcon.colcon_core.event_reactor:joining thread
[16.734s] INFO:colcon.colcon_core.plugin_system:Skipping extension 'colcon_notification.desktop_notification.terminal_notifier': Not used on non-Darwin systems
[16.734s] INFO:colcon.colcon_core.plugin_system:Skipping extension 'colcon_notification.desktop_notification.win32': Not used on non-Windows systems
[16.734s] INFO:colcon.colcon_notification.desktop_notification:Sending desktop notification using 'notify2'
[16.757s] DEBUG:colcon.colcon_core.event_reactor:joined thread
[16.757s] INFO:colcon.colcon_core.shell:Creating prefix script '/home/shaoqiu/ros2/install/local_setup.ps1'
[16.758s] INFO:colcon.colcon_core.shell:Creating prefix util module '/home/shaoqiu/ros2/install/_local_setup_util_ps1.py'
[16.759s] INFO:colcon.colcon_core.shell:Creating prefix chain script '/home/shaoqiu/ros2/install/setup.ps1'
[16.760s] INFO:colcon.colcon_core.shell:Creating prefix script '/home/shaoqiu/ros2/install/local_setup.sh'
[16.761s] INFO:colcon.colcon_core.shell:Creating prefix util module '/home/shaoqiu/ros2/install/_local_setup_util_sh.py'
[16.761s] INFO:colcon.colcon_core.shell:Creating prefix chain script '/home/shaoqiu/ros2/install/setup.sh'
[16.762s] INFO:colcon.colcon_core.shell:Creating prefix script '/home/shaoqiu/ros2/install/local_setup.bash'
[16.763s] INFO:colcon.colcon_core.shell:Creating prefix chain script '/home/shaoqiu/ros2/install/setup.bash'
[16.763s] INFO:colcon.colcon_core.shell:Creating prefix script '/home/shaoqiu/ros2/install/local_setup.zsh'
[16.764s] INFO:colcon.colcon_core.shell:Creating prefix chain script '/home/shaoqiu/ros2/install/setup.zsh'
