[0.061s] DEBUG:colcon:Command line arguments: ['/usr/bin/colcon', 'build', '--packages-select', 'ros2_demo_project']
[0.061s] DEBUG:colcon:Parsed command line arguments: Namespace(log_base=None, log_level=None, verb_name='build', build_base='build', install_base='install', merge_install=False, symlink_install=False, test_result_base=None, continue_on_error=False, executor='parallel', parallel_workers=4, event_handlers=None, ignore_user_meta=False, metas=['./colcon.meta'], base_paths=['.'], packages_ignore=None, packages_ignore_regex=None, paths=None, packages_up_to=None, packages_up_to_regex=None, packages_above=None, packages_above_and_dependencies=None, packages_above_depth=None, packages_select_by_dep=None, packages_skip_by_dep=None, packages_skip_up_to=None, packages_select_build_failed=False, packages_skip_build_finished=False, packages_select_test_failures=False, packages_skip_test_passed=False, packages_select=['ros2_demo_project'], packages_skip=None, packages_select_regex=None, packages_skip_regex=None, packages_start=None, packages_end=None, allow_overriding=[], cmake_args=None, cmake_target=None, cmake_target_skip_unavailable=False, cmake_clean_cache=False, cmake_clean_first=False, cmake_force_configure=False, ament_cmake_args=None, catkin_cmake_args=None, catkin_skip_building_tests=False, verb_parser=<colcon_defaults.argument_parser.defaults.DefaultArgumentsDecorator object at 0x7fd9aa6a7670>, verb_extension=<colcon_core.verb.build.BuildVerb object at 0x7fd9aa7e8250>, main=<bound method BuildVerb.main of <colcon_core.verb.build.BuildVerb object at 0x7fd9aa7e8250>>)
[0.133s] Level 1:colcon.colcon_core.package_discovery:discover_packages(colcon_meta) check parameters
[0.134s] Level 1:colcon.colcon_core.package_discovery:discover_packages(recursive) check parameters
[0.134s] Level 1:colcon.colcon_core.package_discovery:discover_packages(ignore) check parameters
[0.134s] Level 1:colcon.colcon_core.package_discovery:discover_packages(path) check parameters
[0.134s] Level 1:colcon.colcon_core.package_discovery:discover_packages(colcon_meta) discover
[0.134s] Level 1:colcon.colcon_core.package_discovery:discover_packages(recursive) discover
[0.134s] INFO:colcon.colcon_core.package_discovery:Crawling recursively for packages in '/home/lyu/new_ros2_ws/src'
[0.134s] Level 1:colcon.colcon_core.package_identification:_identify(.) by extensions ['ignore', 'ignore_ament_install']
[0.134s] Level 1:colcon.colcon_core.package_identification:_identify(.) by extension 'ignore'
[0.134s] Level 1:colcon.colcon_core.package_identification:_identify(.) by extension 'ignore_ament_install'
[0.134s] Level 1:colcon.colcon_core.package_identification:_identify(.) by extensions ['colcon_pkg']
[0.134s] Level 1:colcon.colcon_core.package_identification:_identify(.) by extension 'colcon_pkg'
[0.134s] Level 1:colcon.colcon_core.package_identification:_identify(.) by extensions ['colcon_meta']
[0.134s] Level 1:colcon.colcon_core.package_identification:_identify(.) by extension 'colcon_meta'
[0.134s] Level 1:colcon.colcon_core.package_identification:_identify(.) by extensions ['ros']
[0.134s] Level 1:colcon.colcon_core.package_identification:_identify(.) by extension 'ros'
[0.139s] Level 1:colcon.colcon_core.package_identification:_identify(.) by extensions ['cmake', 'python']
[0.139s] Level 1:colcon.colcon_core.package_identification:_identify(.) by extension 'cmake'
[0.140s] Level 1:colcon.colcon_core.package_identification:_identify(.) by extension 'python'
[0.140s] Level 1:colcon.colcon_core.package_identification:_identify(.) by extensions ['python_setup_py']
[0.140s] Level 1:colcon.colcon_core.package_identification:_identify(.) by extension 'python_setup_py'
[0.140s] Level 1:colcon.colcon_core.package_identification:_identify(build) by extensions ['ignore', 'ignore_ament_install']
[0.140s] Level 1:colcon.colcon_core.package_identification:_identify(build) by extension 'ignore'
[0.140s] Level 1:colcon.colcon_core.package_identification:_identify(build) ignored
[0.140s] Level 1:colcon.colcon_core.package_identification:_identify(install) by extensions ['ignore', 'ignore_ament_install']
[0.140s] Level 1:colcon.colcon_core.package_identification:_identify(install) by extension 'ignore'
[0.140s] Level 1:colcon.colcon_core.package_identification:_identify(install) ignored
[0.140s] Level 1:colcon.colcon_core.package_identification:_identify(log) by extensions ['ignore', 'ignore_ament_install']
[0.140s] Level 1:colcon.colcon_core.package_identification:_identify(log) by extension 'ignore'
[0.140s] Level 1:colcon.colcon_core.package_identification:_identify(log) ignored
[0.140s] Level 1:colcon.colcon_core.package_identification:_identify(ros2_demo_project) by extensions ['ignore', 'ignore_ament_install']
[0.140s] Level 1:colcon.colcon_core.package_identification:_identify(ros2_demo_project) by extension 'ignore'
[0.140s] Level 1:colcon.colcon_core.package_identification:_identify(ros2_demo_project) by extension 'ignore_ament_install'
[0.140s] Level 1:colcon.colcon_core.package_identification:_identify(ros2_demo_project) by extensions ['colcon_pkg']
[0.140s] Level 1:colcon.colcon_core.package_identification:_identify(ros2_demo_project) by extension 'colcon_pkg'
[0.140s] Level 1:colcon.colcon_core.package_identification:_identify(ros2_demo_project) by extensions ['colcon_meta']
[0.140s] Level 1:colcon.colcon_core.package_identification:_identify(ros2_demo_project) by extension 'colcon_meta'
[0.140s] Level 1:colcon.colcon_core.package_identification:_identify(ros2_demo_project) by extensions ['ros']
[0.140s] Level 1:colcon.colcon_core.package_identification:_identify(ros2_demo_project) by extension 'ros'
[0.141s] DEBUG:colcon.colcon_core.package_identification:Package 'ros2_demo_project' with type 'ros.ament_cmake' and name 'ros2_demo_project'
[0.141s] Level 1:colcon.colcon_core.package_discovery:discover_packages(recursive) using defaults
[0.141s] Level 1:colcon.colcon_core.package_discovery:discover_packages(ignore) discover
[0.141s] Level 1:colcon.colcon_core.package_discovery:discover_packages(ignore) using defaults
[0.141s] Level 1:colcon.colcon_core.package_discovery:discover_packages(path) discover
[0.141s] Level 1:colcon.colcon_core.package_discovery:discover_packages(path) using defaults
[0.151s] Level 1:colcon.colcon_core.package_discovery:discover_packages(prefix_path) check parameters
[0.151s] Level 1:colcon.colcon_core.package_discovery:discover_packages(prefix_path) discover
[0.153s] DEBUG:colcon.colcon_installed_package_information.package_discovery:Found 270 installed packages in /opt/ros/humble
[0.153s] Level 1:colcon.colcon_core.package_discovery:discover_packages(prefix_path) using defaults
[0.178s] Level 5:colcon.colcon_core.verb:set package 'ros2_demo_project' build argument 'cmake_args' from command line to 'None'
[0.178s] Level 5:colcon.colcon_core.verb:set package 'ros2_demo_project' build argument 'cmake_target' from command line to 'None'
[0.178s] Level 5:colcon.colcon_core.verb:set package 'ros2_demo_project' build argument 'cmake_target_skip_unavailable' from command line to 'False'
[0.178s] Level 5:colcon.colcon_core.verb:set package 'ros2_demo_project' build argument 'cmake_clean_cache' from command line to 'False'
[0.178s] Level 5:colcon.colcon_core.verb:set package 'ros2_demo_project' build argument 'cmake_clean_first' from command line to 'False'
[0.178s] Level 5:colcon.colcon_core.verb:set package 'ros2_demo_project' build argument 'cmake_force_configure' from command line to 'False'
[0.178s] Level 5:colcon.colcon_core.verb:set package 'ros2_demo_project' build argument 'ament_cmake_args' from command line to 'None'
[0.178s] Level 5:colcon.colcon_core.verb:set package 'ros2_demo_project' build argument 'catkin_cmake_args' from command line to 'None'
[0.178s] Level 5:colcon.colcon_core.verb:set package 'ros2_demo_project' build argument 'catkin_skip_building_tests' from command line to 'False'
[0.178s] DEBUG:colcon.colcon_core.verb:Building package 'ros2_demo_project' with the following arguments: {'ament_cmake_args': None, 'build_base': '/home/lyu/new_ros2_ws/src/build/ros2_demo_project', 'catkin_cmake_args': None, 'catkin_skip_building_tests': False, 'cmake_args': None, 'cmake_clean_cache': False, 'cmake_clean_first': False, 'cmake_force_configure': False, 'cmake_target': None, 'cmake_target_skip_unavailable': False, 'install_base': '/home/lyu/new_ros2_ws/src/install/ros2_demo_project', 'merge_install': False, 'path': '/home/lyu/new_ros2_ws/src/ros2_demo_project', 'symlink_install': False, 'test_result_base': None}
[0.178s] INFO:colcon.colcon_core.executor:Executing jobs using 'parallel' executor
[0.179s] DEBUG:colcon.colcon_parallel_executor.executor.parallel:run_until_complete
[0.179s] INFO:colcon.colcon_ros.task.ament_cmake.build:Building ROS package in '/home/lyu/new_ros2_ws/src/ros2_demo_project' with build type 'ament_cmake'
[0.179s] INFO:colcon.colcon_cmake.task.cmake.build:Building CMake package in '/home/lyu/new_ros2_ws/src/ros2_demo_project'
[0.180s] INFO:colcon.colcon_core.plugin_system:Skipping extension 'colcon_core.shell.bat': Not used on non-Windows systems
[0.181s] INFO:colcon.colcon_core.shell:Skip shell extension 'powershell' for command environment: Not usable outside of PowerShell
[0.181s] DEBUG:colcon.colcon_core.shell:Skip shell extension 'dsv' for command environment
[0.191s] DEBUG:colcon.colcon_core.event_handler.log_command:Invoking command in '/home/lyu/new_ros2_ws/src/build/ros2_demo_project': CMAKE_PREFIX_PATH=/opt/ros/humble /usr/bin/cmake /home/lyu/new_ros2_ws/src/ros2_demo_project -DCMAKE_INSTALL_PREFIX=/home/lyu/new_ros2_ws/src/install/ros2_demo_project
[0.550s] DEBUG:colcon.colcon_core.event_handler.log_command:Invoked command in '/home/lyu/new_ros2_ws/src/build/ros2_demo_project' returned '0': CMAKE_PREFIX_PATH=/opt/ros/humble /usr/bin/cmake /home/lyu/new_ros2_ws/src/ros2_demo_project -DCMAKE_INSTALL_PREFIX=/home/lyu/new_ros2_ws/src/install/ros2_demo_project
[0.552s] DEBUG:colcon.colcon_core.event_handler.log_command:Invoking command in '/home/lyu/new_ros2_ws/src/build/ros2_demo_project': CMAKE_PREFIX_PATH=/opt/ros/humble /usr/bin/cmake --build /home/lyu/new_ros2_ws/src/build/ros2_demo_project -- -j4 -l4
[4.019s] DEBUG:colcon.colcon_core.event_handler.log_command:Invoked command in '/home/lyu/new_ros2_ws/src/build/ros2_demo_project' returned '0': CMAKE_PREFIX_PATH=/opt/ros/humble /usr/bin/cmake --build /home/lyu/new_ros2_ws/src/build/ros2_demo_project -- -j4 -l4
[4.068s] DEBUG:colcon.colcon_core.event_handler.log_command:Invoking command in '/home/lyu/new_ros2_ws/src/build/ros2_demo_project': CMAKE_PREFIX_PATH=/opt/ros/humble /usr/bin/cmake --install /home/lyu/new_ros2_ws/src/build/ros2_demo_project
[4.084s] Level 1:colcon.colcon_core.environment:create_environment_scripts_only(ros2_demo_project)
[4.084s] DEBUG:colcon.colcon_core.event_handler.log_command:Invoked command in '/home/lyu/new_ros2_ws/src/build/ros2_demo_project' returned '0': CMAKE_PREFIX_PATH=/opt/ros/humble /usr/bin/cmake --install /home/lyu/new_ros2_ws/src/build/ros2_demo_project
[4.086s] Level 1:colcon.colcon_core.environment:checking '/home/lyu/new_ros2_ws/src/install/ros2_demo_project' for CMake module files
[4.086s] Level 1:colcon.colcon_core.environment:checking '/home/lyu/new_ros2_ws/src/install/ros2_demo_project' for CMake config files
[4.086s] Level 1:colcon.colcon_core.shell:create_environment_hook('ros2_demo_project', 'cmake_prefix_path')
[4.086s] INFO:colcon.colcon_core.shell:Creating environment hook '/home/lyu/new_ros2_ws/src/install/ros2_demo_project/share/ros2_demo_project/hook/cmake_prefix_path.ps1'
[4.087s] INFO:colcon.colcon_core.shell:Creating environment descriptor '/home/lyu/new_ros2_ws/src/install/ros2_demo_project/share/ros2_demo_project/hook/cmake_prefix_path.dsv'
[4.087s] INFO:colcon.colcon_core.shell:Creating environment hook '/home/lyu/new_ros2_ws/src/install/ros2_demo_project/share/ros2_demo_project/hook/cmake_prefix_path.sh'
[4.088s] Level 1:colcon.colcon_core.environment:checking '/home/lyu/new_ros2_ws/src/install/ros2_demo_project/lib'
[4.088s] Level 1:colcon.colcon_core.environment:checking '/home/lyu/new_ros2_ws/src/install/ros2_demo_project/bin'
[4.088s] Level 1:colcon.colcon_core.environment:checking '/home/lyu/new_ros2_ws/src/install/ros2_demo_project/lib/pkgconfig/ros2_demo_project.pc'
[4.088s] Level 1:colcon.colcon_core.environment:checking '/home/lyu/new_ros2_ws/src/install/ros2_demo_project/lib/python3.10/site-packages'
[4.088s] Level 1:colcon.colcon_core.environment:checking '/home/lyu/new_ros2_ws/src/install/ros2_demo_project/bin'
[4.089s] INFO:colcon.colcon_core.shell:Creating package script '/home/lyu/new_ros2_ws/src/install/ros2_demo_project/share/ros2_demo_project/package.ps1'
[4.089s] INFO:colcon.colcon_core.shell:Creating package descriptor '/home/lyu/new_ros2_ws/src/install/ros2_demo_project/share/ros2_demo_project/package.dsv'
[4.090s] INFO:colcon.colcon_core.shell:Creating package script '/home/lyu/new_ros2_ws/src/install/ros2_demo_project/share/ros2_demo_project/package.sh'
[4.090s] INFO:colcon.colcon_core.shell:Creating package script '/home/lyu/new_ros2_ws/src/install/ros2_demo_project/share/ros2_demo_project/package.bash'
[4.091s] INFO:colcon.colcon_core.shell:Creating package script '/home/lyu/new_ros2_ws/src/install/ros2_demo_project/share/ros2_demo_project/package.zsh'
[4.091s] Level 1:colcon.colcon_core.environment:create_file_with_runtime_dependencies(/home/lyu/new_ros2_ws/src/install/ros2_demo_project/share/colcon-core/packages/ros2_demo_project)
[4.124s] Level 1:colcon.colcon_core.environment:create_environment_scripts_only(ros2_demo_project)
[4.124s] Level 1:colcon.colcon_core.environment:checking '/home/lyu/new_ros2_ws/src/install/ros2_demo_project' for CMake module files
[4.124s] Level 1:colcon.colcon_core.environment:checking '/home/lyu/new_ros2_ws/src/install/ros2_demo_project' for CMake config files
[4.124s] Level 1:colcon.colcon_core.shell:create_environment_hook('ros2_demo_project', 'cmake_prefix_path')
[4.125s] INFO:colcon.colcon_core.shell:Creating environment hook '/home/lyu/new_ros2_ws/src/install/ros2_demo_project/share/ros2_demo_project/hook/cmake_prefix_path.ps1'
[4.125s] INFO:colcon.colcon_core.shell:Creating environment descriptor '/home/lyu/new_ros2_ws/src/install/ros2_demo_project/share/ros2_demo_project/hook/cmake_prefix_path.dsv'
[4.125s] INFO:colcon.colcon_core.shell:Creating environment hook '/home/lyu/new_ros2_ws/src/install/ros2_demo_project/share/ros2_demo_project/hook/cmake_prefix_path.sh'
[4.125s] Level 1:colcon.colcon_core.environment:checking '/home/lyu/new_ros2_ws/src/install/ros2_demo_project/lib'
[4.125s] Level 1:colcon.colcon_core.environment:checking '/home/lyu/new_ros2_ws/src/install/ros2_demo_project/bin'
[4.125s] Level 1:colcon.colcon_core.environment:checking '/home/lyu/new_ros2_ws/src/install/ros2_demo_project/lib/pkgconfig/ros2_demo_project.pc'
[4.126s] Level 1:colcon.colcon_core.environment:checking '/home/lyu/new_ros2_ws/src/install/ros2_demo_project/lib/python3.10/site-packages'
[4.126s] Level 1:colcon.colcon_core.environment:checking '/home/lyu/new_ros2_ws/src/install/ros2_demo_project/bin'
[4.126s] INFO:colcon.colcon_core.shell:Creating package script '/home/lyu/new_ros2_ws/src/install/ros2_demo_project/share/ros2_demo_project/package.ps1'
[4.126s] INFO:colcon.colcon_core.shell:Creating package descriptor '/home/lyu/new_ros2_ws/src/install/ros2_demo_project/share/ros2_demo_project/package.dsv'
[4.127s] INFO:colcon.colcon_core.shell:Creating package script '/home/lyu/new_ros2_ws/src/install/ros2_demo_project/share/ros2_demo_project/package.sh'
[4.127s] INFO:colcon.colcon_core.shell:Creating package script '/home/lyu/new_ros2_ws/src/install/ros2_demo_project/share/ros2_demo_project/package.bash'
[4.127s] INFO:colcon.colcon_core.shell:Creating package script '/home/lyu/new_ros2_ws/src/install/ros2_demo_project/share/ros2_demo_project/package.zsh'
[4.127s] Level 1:colcon.colcon_core.environment:create_file_with_runtime_dependencies(/home/lyu/new_ros2_ws/src/install/ros2_demo_project/share/colcon-core/packages/ros2_demo_project)
[4.127s] DEBUG:colcon.colcon_parallel_executor.executor.parallel:closing loop
[4.128s] DEBUG:colcon.colcon_parallel_executor.executor.parallel:loop closed
[4.128s] DEBUG:colcon.colcon_parallel_executor.executor.parallel:run_until_complete finished with '0'
[4.128s] DEBUG:colcon.colcon_core.event_reactor:joining thread
[4.132s] INFO:colcon.colcon_core.plugin_system:Skipping extension 'colcon_notification.desktop_notification.terminal_notifier': Not used on non-Darwin systems
[4.132s] INFO:colcon.colcon_core.plugin_system:Skipping extension 'colcon_notification.desktop_notification.win32': Not used on non-Windows systems
[4.132s] INFO:colcon.colcon_notification.desktop_notification:Sending desktop notification using 'notify2'
[4.145s] DEBUG:colcon.colcon_core.event_reactor:joined thread
[4.146s] INFO:colcon.colcon_core.shell:Creating prefix script '/home/lyu/new_ros2_ws/src/install/local_setup.ps1'
[4.146s] INFO:colcon.colcon_core.shell:Creating prefix util module '/home/lyu/new_ros2_ws/src/install/_local_setup_util_ps1.py'
[4.147s] INFO:colcon.colcon_core.shell:Creating prefix chain script '/home/lyu/new_ros2_ws/src/install/setup.ps1'
[4.148s] INFO:colcon.colcon_core.shell:Creating prefix script '/home/lyu/new_ros2_ws/src/install/local_setup.sh'
[4.148s] INFO:colcon.colcon_core.shell:Creating prefix util module '/home/lyu/new_ros2_ws/src/install/_local_setup_util_sh.py'
[4.148s] INFO:colcon.colcon_core.shell:Creating prefix chain script '/home/lyu/new_ros2_ws/src/install/setup.sh'
[4.149s] INFO:colcon.colcon_core.shell:Creating prefix script '/home/lyu/new_ros2_ws/src/install/local_setup.bash'
[4.149s] INFO:colcon.colcon_core.shell:Creating prefix chain script '/home/lyu/new_ros2_ws/src/install/setup.bash'
[4.149s] INFO:colcon.colcon_core.shell:Creating prefix script '/home/lyu/new_ros2_ws/src/install/local_setup.zsh'
[4.150s] INFO:colcon.colcon_core.shell:Creating prefix chain script '/home/lyu/new_ros2_ws/src/install/setup.zsh'
