[0.009s] Invoking command in '/home/lyu/new_ros2_ws/src/build/ros2_demo_project': CMAKE_PREFIX_PATH=/opt/ros/humble /usr/bin/cmake /home/lyu/new_ros2_ws/src/ros2_demo_project -DCMAKE_INSTALL_PREFIX=/home/lyu/new_ros2_ws/src/install/ros2_demo_project
[0.083s] -- The C compiler identification is GNU 11.4.0
[0.135s] -- The CXX compiler identification is GNU 11.4.0
[0.143s] -- Detecting C compiler ABI info
[0.210s] -- Detecting C compiler ABI info - done
[0.216s] -- Check for working C compiler: /usr/bin/cc - skipped
[0.216s] -- Detecting C compile features
[0.217s] -- Detecting C compile features - done
[0.221s] -- Detecting CXX compiler ABI info
[0.294s] -- Detecting CXX compiler ABI info - done
[0.298s] -- Check for working CXX compiler: /usr/bin/c++ - skipped
[0.298s] -- Detecting CXX compile features
[0.299s] -- Detecting CXX compile features - done
[0.300s] -- Found ament_cmake: 1.3.9 (/opt/ros/humble/share/ament_cmake/cmake)
[0.405s] -- Found Python3: /usr/bin/python3 (found version "3.10.12") found components: Interpreter 
[0.470s] -- Found rclcpp: 16.0.9 (/opt/ros/humble/share/rclcpp/cmake)
[0.503s] -- Found rosidl_generator_c: 3.1.5 (/opt/ros/humble/share/rosidl_generator_c/cmake)
[0.506s] -- Found rosidl_adapter: 3.1.5 (/opt/ros/humble/share/rosidl_adapter/cmake)
[0.514s] -- Found rosidl_generator_cpp: 3.1.5 (/opt/ros/humble/share/rosidl_generator_cpp/cmake)
[0.522s] -- Using all available rosidl_typesupport_c: rosidl_typesupport_fastrtps_c;rosidl_typesupport_introspection_c
[0.536s] -- Using all available rosidl_typesupport_cpp: rosidl_typesupport_fastrtps_cpp;rosidl_typesupport_introspection_cpp
[0.581s] -- Found rmw_implementation_cmake: 6.1.2 (/opt/ros/humble/share/rmw_implementation_cmake/cmake)
[0.582s] -- Found rmw_fastrtps_cpp: 6.2.6 (/opt/ros/humble/share/rmw_fastrtps_cpp/cmake)
[0.664s] -- Found OpenSSL: /usr/lib/x86_64-linux-gnu/libcrypto.so (found version "3.0.2")  
[0.682s] -- Found FastRTPS: /opt/ros/humble/include  
[0.716s] -- Using RMW implementation 'rmw_fastrtps_cpp' as default
[0.721s] -- Looking for pthread.h
[0.793s] -- Looking for pthread.h - found
[0.794s] -- Performing Test CMAKE_HAVE_LIBC_PTHREAD
[0.864s] -- Performing Test CMAKE_HAVE_LIBC_PTHREAD - Success
[0.865s] -- Found Threads: TRUE  
[0.972s] -- Found sensor_msgs: 4.2.4 (/opt/ros/humble/share/sensor_msgs/cmake)
[1.058s] -- Found ament_lint_auto: 0.12.11 (/opt/ros/humble/share/ament_lint_auto/cmake)
[1.111s] -- Added test 'copyright' to check source files copyright and LICENSE
[1.112s] -- Added test 'cppcheck' to perform static code analysis on C / C++ code
[1.112s] -- Configured cppcheck include dirs: 
[1.112s] -- Configured cppcheck exclude dirs and/or files: 
[1.112s] -- Added test 'flake8' to check Python code syntax and style conventions
[1.113s] -- Added test 'lint_cmake' to check CMake code style
[1.113s] -- Added test 'pep257' to check Python code against some of the docstring style conventions in PEP 257
[1.114s] -- Added test 'uncrustify' to check C / C++ code style
[1.114s] -- Configured uncrustify additional arguments: 
[1.114s] -- Added test 'xmllint' to check XML markup files
[1.115s] -- Configuring done
[1.127s] -- Generating done
[1.128s] -- Build files have been written to: /home/lyu/new_ros2_ws/src/build/ros2_demo_project
[1.136s] Invoked command in '/home/lyu/new_ros2_ws/src/build/ros2_demo_project' returned '0': CMAKE_PREFIX_PATH=/opt/ros/humble /usr/bin/cmake /home/lyu/new_ros2_ws/src/ros2_demo_project -DCMAKE_INSTALL_PREFIX=/home/lyu/new_ros2_ws/src/install/ros2_demo_project
[1.137s] Invoking command in '/home/lyu/new_ros2_ws/src/build/ros2_demo_project': CMAKE_PREFIX_PATH=/opt/ros/humble /usr/bin/cmake --build /home/lyu/new_ros2_ws/src/build/ros2_demo_project -- -j4 -l4
[1.188s] [ 16%] [32mBuilding CXX object CMakeFiles/mmwave_radar_node.dir/src/mmwave_radar_node.cpp.o[0m
[1.192s] [ 50%] [32mBuilding CXX object CMakeFiles/thingy52_node.dir/src/thingy52_node.cpp.o[0m
[1.194s] [ 50%] [32mBuilding CXX object CMakeFiles/kinect_node.dir/src/kinect_node.cpp.o[0m
[4.194s] [ 66%] [32m[1mLinking CXX executable kinect_node[0m
[4.390s] [ 83%] [32m[1mLinking CXX executable thingy52_node[0m
[4.420s] [ 83%] Built target kinect_node
[4.439s] [100%] [32m[1mLinking CXX executable mmwave_radar_node[0m
[4.567s] [100%] Built target thingy52_node
[4.594s] [100%] Built target mmwave_radar_node
[4.605s] Invoked command in '/home/lyu/new_ros2_ws/src/build/ros2_demo_project' returned '0': CMAKE_PREFIX_PATH=/opt/ros/humble /usr/bin/cmake --build /home/lyu/new_ros2_ws/src/build/ros2_demo_project -- -j4 -l4
[4.654s] Invoking command in '/home/lyu/new_ros2_ws/src/build/ros2_demo_project': CMAKE_PREFIX_PATH=/opt/ros/humble /usr/bin/cmake --install /home/lyu/new_ros2_ws/src/build/ros2_demo_project
[4.661s] -- Install configuration: ""
[4.661s] -- Installing: /home/lyu/new_ros2_ws/src/install/ros2_demo_project/lib/ros2_demo_project/thingy52_node
[4.662s] -- Set runtime path of "/home/lyu/new_ros2_ws/src/install/ros2_demo_project/lib/ros2_demo_project/thingy52_node" to ""
[4.662s] -- Installing: /home/lyu/new_ros2_ws/src/install/ros2_demo_project/lib/ros2_demo_project/mmwave_radar_node
[4.663s] -- Set runtime path of "/home/lyu/new_ros2_ws/src/install/ros2_demo_project/lib/ros2_demo_project/mmwave_radar_node" to ""
[4.663s] -- Installing: /home/lyu/new_ros2_ws/src/install/ros2_demo_project/lib/ros2_demo_project/kinect_node
[4.664s] -- Set runtime path of "/home/lyu/new_ros2_ws/src/install/ros2_demo_project/lib/ros2_demo_project/kinect_node" to ""
[4.664s] -- Installing: /home/lyu/new_ros2_ws/src/install/ros2_demo_project/share/ros2_demo_project//launch
[4.664s] -- Installing: /home/lyu/new_ros2_ws/src/install/ros2_demo_project/share/ros2_demo_project//launch/kinect_launch.py
[4.665s] -- Installing: /home/lyu/new_ros2_ws/src/install/ros2_demo_project/share/ros2_demo_project//launch/system_demo_launch.py
[4.665s] -- Installing: /home/lyu/new_ros2_ws/src/install/ros2_demo_project/share/ros2_demo_project//launch/mmwave_radar_launch.py
[4.665s] -- Installing: /home/lyu/new_ros2_ws/src/install/ros2_demo_project/share/ros2_demo_project//config
[4.665s] -- Installing: /home/lyu/new_ros2_ws/src/install/ros2_demo_project/share/ros2_demo_project//config/thingy52_params.yaml
[4.665s] -- Installing: /home/lyu/new_ros2_ws/src/install/ros2_demo_project/share/ros2_demo_project//config/kinect_params.yaml
[4.665s] -- Installing: /home/lyu/new_ros2_ws/src/install/ros2_demo_project/share/ros2_demo_project//config/mmwave_radar_params.yaml
[4.665s] -- Installing: /home/lyu/new_ros2_ws/src/install/ros2_demo_project/share/ament_index/resource_index/package_run_dependencies/ros2_demo_project
[4.665s] -- Installing: /home/lyu/new_ros2_ws/src/install/ros2_demo_project/share/ament_index/resource_index/parent_prefix_path/ros2_demo_project
[4.666s] -- Installing: /home/lyu/new_ros2_ws/src/install/ros2_demo_project/share/ros2_demo_project/environment/ament_prefix_path.sh
[4.666s] -- Installing: /home/lyu/new_ros2_ws/src/install/ros2_demo_project/share/ros2_demo_project/environment/ament_prefix_path.dsv
[4.666s] -- Installing: /home/lyu/new_ros2_ws/src/install/ros2_demo_project/share/ros2_demo_project/environment/path.sh
[4.666s] -- Installing: /home/lyu/new_ros2_ws/src/install/ros2_demo_project/share/ros2_demo_project/environment/path.dsv
[4.666s] -- Installing: /home/lyu/new_ros2_ws/src/install/ros2_demo_project/share/ros2_demo_project/local_setup.bash
[4.666s] -- Installing: /home/lyu/new_ros2_ws/src/install/ros2_demo_project/share/ros2_demo_project/local_setup.sh
[4.666s] -- Installing: /home/lyu/new_ros2_ws/src/install/ros2_demo_project/share/ros2_demo_project/local_setup.zsh
[4.666s] -- Installing: /home/lyu/new_ros2_ws/src/install/ros2_demo_project/share/ros2_demo_project/local_setup.dsv
[4.667s] -- Installing: /home/lyu/new_ros2_ws/src/install/ros2_demo_project/share/ros2_demo_project/package.dsv
[4.667s] -- Installing: /home/lyu/new_ros2_ws/src/install/ros2_demo_project/share/ament_index/resource_index/packages/ros2_demo_project
[4.667s] -- Installing: /home/lyu/new_ros2_ws/src/install/ros2_demo_project/share/ros2_demo_project/cmake/ros2_demo_projectConfig.cmake
[4.667s] -- Installing: /home/lyu/new_ros2_ws/src/install/ros2_demo_project/share/ros2_demo_project/cmake/ros2_demo_projectConfig-version.cmake
[4.667s] -- Installing: /home/lyu/new_ros2_ws/src/install/ros2_demo_project/share/ros2_demo_project/package.xml
[4.670s] Invoked command in '/home/lyu/new_ros2_ws/src/build/ros2_demo_project' returned '0': CMAKE_PREFIX_PATH=/opt/ros/humble /usr/bin/cmake --install /home/lyu/new_ros2_ws/src/build/ros2_demo_project
