[0.008s] Invoking command in '/home/lyu/new_ros2_ws/build/ros2_demo_project': CMAKE_PREFIX_PATH=${CMAKE_PREFIX_PATH}:/opt/ros/humble /usr/bin/cmake --build /home/lyu/new_ros2_ws/build/ros2_demo_project -- -j4 -l4
[0.060s] [ 10%] [32mBuilding CXX object CMakeFiles/mmwave_radar_node.dir/src/mmwave_radar_node.cpp.o[0m
[0.060s] [ 30%] Built target thingy52_node
[0.060s] [ 50%] Built target static_map_node
[0.060s] [ 70%] Built target kinect_node
[0.068s] [35m[1mConsolidate compiler generated dependencies of target room_map_node[0m
[0.082s] [ 90%] Built target room_map_node
[2.881s] [100%] [32m[1mLinking CXX executable mmwave_radar_node[0m
[2.999s] [100%] Built target mmwave_radar_node
[3.008s] Invoked command in '/home/lyu/new_ros2_ws/build/ros2_demo_project' returned '0': CMAKE_PREFIX_PATH=${CMAKE_PREFIX_PATH}:/opt/ros/humble /usr/bin/cmake --build /home/lyu/new_ros2_ws/build/ros2_demo_project -- -j4 -l4
[3.052s] Invoking command in '/home/lyu/new_ros2_ws/build/ros2_demo_project': CMAKE_PREFIX_PATH=${CMAKE_PREFIX_PATH}:/opt/ros/humble /usr/bin/cmake --install /home/lyu/new_ros2_ws/build/ros2_demo_project
[3.058s] -- Install configuration: ""
[3.058s] -- Up-to-date: /home/lyu/new_ros2_ws/install/ros2_demo_project/lib/ros2_demo_project/thingy52_node
[3.058s] -- Installing: /home/lyu/new_ros2_ws/install/ros2_demo_project/lib/ros2_demo_project/mmwave_radar_node
[3.059s] -- Set runtime path of "/home/lyu/new_ros2_ws/install/ros2_demo_project/lib/ros2_demo_project/mmwave_radar_node" to ""
[3.060s] -- Up-to-date: /home/lyu/new_ros2_ws/install/ros2_demo_project/lib/ros2_demo_project/kinect_node
[3.060s] -- Up-to-date: /home/lyu/new_ros2_ws/install/ros2_demo_project/lib/ros2_demo_project/static_map_node
[3.060s] -- Up-to-date: /home/lyu/new_ros2_ws/install/ros2_demo_project/lib/ros2_demo_project/room_map_node
[3.060s] -- Up-to-date: /home/lyu/new_ros2_ws/install/ros2_demo_project/share/ros2_demo_project//launch
[3.060s] -- Up-to-date: /home/lyu/new_ros2_ws/install/ros2_demo_project/share/ros2_demo_project//launch/room_map_launch.py
[3.060s] -- Up-to-date: /home/lyu/new_ros2_ws/install/ros2_demo_project/share/ros2_demo_project//launch/kinect_launch.py
[3.060s] -- Up-to-date: /home/lyu/new_ros2_ws/install/ros2_demo_project/share/ros2_demo_project//launch/system_demo_launch.py
[3.061s] -- Up-to-date: /home/lyu/new_ros2_ws/install/ros2_demo_project/share/ros2_demo_project//launch/mmwave_radar_launch.py
[3.061s] -- Up-to-date: /home/lyu/new_ros2_ws/install/ros2_demo_project/share/ros2_demo_project//config
[3.061s] -- Up-to-date: /home/lyu/new_ros2_ws/install/ros2_demo_project/share/ros2_demo_project//config/thingy52_params.yaml
[3.061s] -- Up-to-date: /home/lyu/new_ros2_ws/install/ros2_demo_project/share/ros2_demo_project//config/kinect_params.yaml
[3.061s] -- Up-to-date: /home/lyu/new_ros2_ws/install/ros2_demo_project/share/ros2_demo_project//config/mmwave_radar_params.yaml
[3.061s] -- Up-to-date: /home/lyu/new_ros2_ws/install/ros2_demo_project/share/ament_index/resource_index/package_run_dependencies/ros2_demo_project
[3.061s] -- Up-to-date: /home/lyu/new_ros2_ws/install/ros2_demo_project/share/ament_index/resource_index/parent_prefix_path/ros2_demo_project
[3.061s] -- Up-to-date: /home/lyu/new_ros2_ws/install/ros2_demo_project/share/ros2_demo_project/environment/ament_prefix_path.sh
[3.061s] -- Up-to-date: /home/lyu/new_ros2_ws/install/ros2_demo_project/share/ros2_demo_project/environment/ament_prefix_path.dsv
[3.061s] -- Up-to-date: /home/lyu/new_ros2_ws/install/ros2_demo_project/share/ros2_demo_project/environment/path.sh
[3.061s] -- Up-to-date: /home/lyu/new_ros2_ws/install/ros2_demo_project/share/ros2_demo_project/environment/path.dsv
[3.061s] -- Up-to-date: /home/lyu/new_ros2_ws/install/ros2_demo_project/share/ros2_demo_project/local_setup.bash
[3.061s] -- Up-to-date: /home/lyu/new_ros2_ws/install/ros2_demo_project/share/ros2_demo_project/local_setup.sh
[3.061s] -- Up-to-date: /home/lyu/new_ros2_ws/install/ros2_demo_project/share/ros2_demo_project/local_setup.zsh
[3.061s] -- Up-to-date: /home/lyu/new_ros2_ws/install/ros2_demo_project/share/ros2_demo_project/local_setup.dsv
[3.061s] -- Installing: /home/lyu/new_ros2_ws/install/ros2_demo_project/share/ros2_demo_project/package.dsv
[3.061s] -- Up-to-date: /home/lyu/new_ros2_ws/install/ros2_demo_project/share/ament_index/resource_index/packages/ros2_demo_project
[3.061s] -- Up-to-date: /home/lyu/new_ros2_ws/install/ros2_demo_project/share/ros2_demo_project/cmake/ros2_demo_projectConfig.cmake
[3.061s] -- Up-to-date: /home/lyu/new_ros2_ws/install/ros2_demo_project/share/ros2_demo_project/cmake/ros2_demo_projectConfig-version.cmake
[3.061s] -- Up-to-date: /home/lyu/new_ros2_ws/install/ros2_demo_project/share/ros2_demo_project/package.xml
[3.063s] Invoked command in '/home/lyu/new_ros2_ws/build/ros2_demo_project' returned '0': CMAKE_PREFIX_PATH=${CMAKE_PREFIX_PATH}:/opt/ros/humble /usr/bin/cmake --install /home/lyu/new_ros2_ws/build/ros2_demo_project
